Copyright 1986-2019 Xilinx, Inc. All Rights Reserved.
---------------------------------------------------------------------------------------------------------------
| Tool Version : Vivado v.2019.1 (win64) Build 2552052 Fri May 24 14:49:42 MDT 2019
| Date         : Wed May 25 01:58:51 2022
| Host         : Jarvis running 64-bit major release  (build 9200)
| Command      : report_utilization -file csync_top_utilization_placed.rpt -pb csync_top_utilization_placed.pb
| Design       : csync_top
| Device       : xczu7evffvc1156-2
| Design State : Fully Placed
---------------------------------------------------------------------------------------------------------------

Utilization Design Information

Table of Contents
-----------------
1. CLB Logic
1.1 Summary of Registers by Type
2. CLB Logic Distribution
3. BLOCKRAM
4. ARITHMETIC
5. I/O
6. CLOCK
7. ADVANCED
8. CONFIGURATION
9. Primitives
10. Black Boxes
11. Instantiated Netlists

1. CLB Logic
------------

+----------------------------+------+-------+-----------+-------+
|          Site Type         | Used | Fixed | Available | Util% |
+----------------------------+------+-------+-----------+-------+
| CLB LUTs                   | 2422 |     0 |    230400 |  1.05 |
|   LUT as Logic             | 2342 |     0 |    230400 |  1.02 |
|   LUT as Memory            |   80 |     0 |    101760 |  0.08 |
|     LUT as Distributed RAM |   80 |     0 |           |       |
|     LUT as Shift Register  |    0 |     0 |           |       |
| CLB Registers              | 1195 |     0 |    460800 |  0.26 |
|   Register as Flip Flop    | 1195 |     0 |    460800 |  0.26 |
|   Register as Latch        |    0 |     0 |    460800 |  0.00 |
| CARRY8                     |  154 |     0 |     28800 |  0.53 |
| F7 Muxes                   |   32 |     0 |    115200 |  0.03 |
| F8 Muxes                   |    0 |     0 |     57600 |  0.00 |
| F9 Muxes                   |    0 |     0 |     28800 |  0.00 |
+----------------------------+------+-------+-----------+-------+


1.1 Summary of Registers by Type
--------------------------------

+-------+--------------+-------------+--------------+
| Total | Clock Enable | Synchronous | Asynchronous |
+-------+--------------+-------------+--------------+
| 0     |            _ |           - |            - |
| 0     |            _ |           - |          Set |
| 0     |            _ |           - |        Reset |
| 0     |            _ |         Set |            - |
| 0     |            _ |       Reset |            - |
| 0     |          Yes |           - |            - |
| 31    |          Yes |           - |          Set |
| 1144  |          Yes |           - |        Reset |
| 0     |          Yes |         Set |            - |
| 20    |          Yes |       Reset |            - |
+-------+--------------+-------------+--------------+


2. CLB Logic Distribution
-------------------------

+--------------------------------------------+------+-------+-----------+-------+
|                  Site Type                 | Used | Fixed | Available | Util% |
+--------------------------------------------+------+-------+-----------+-------+
| CLB                                        |  453 |     0 |     28800 |  1.57 |
|   CLBL                                     |  183 |     0 |           |       |
|   CLBM                                     |  270 |     0 |           |       |
| LUT as Logic                               | 2342 |     0 |    230400 |  1.02 |
|   using O5 output only                     |   15 |       |           |       |
|   using O6 output only                     | 1923 |       |           |       |
|   using O5 and O6                          |  404 |       |           |       |
| LUT as Memory                              |   80 |     0 |    101760 |  0.08 |
|   LUT as Distributed RAM                   |   80 |     0 |           |       |
|     using O5 output only                   |    0 |       |           |       |
|     using O6 output only                   |   64 |       |           |       |
|     using O5 and O6                        |   16 |       |           |       |
|   LUT as Shift Register                    |    0 |     0 |           |       |
| CLB Registers                              | 1195 |     0 |    460800 |  0.26 |
|   Register driven from within the CLB      |  949 |       |           |       |
|   Register driven from outside the CLB     |  246 |       |           |       |
|     LUT in front of the register is unused |  195 |       |           |       |
|     LUT in front of the register is used   |   51 |       |           |       |
| Unique Control Sets                        |   31 |       |     57600 |  0.05 |
+--------------------------------------------+------+-------+-----------+-------+
* Note: Available Control Sets calculated as CLB Registers / 8, Review the Control Sets Report for more information regarding control sets.


3. BLOCKRAM
-----------

+-------------------+------+-------+-----------+-------+
|     Site Type     | Used | Fixed | Available | Util% |
+-------------------+------+-------+-----------+-------+
| Block RAM Tile    |    3 |     0 |       312 |  0.96 |
|   RAMB36/FIFO*    |    3 |     0 |       312 |  0.96 |
|     RAMB36E2 only |    3 |       |           |       |
|   RAMB18          |    0 |     0 |       624 |  0.00 |
| URAM              |    0 |     0 |        96 |  0.00 |
+-------------------+------+-------+-----------+-------+
* Note: Each Block RAM Tile only has one FIFO logic available and therefore can accommodate only one FIFO36E2 or one FIFO18E2. However, if a FIFO18E2 occupies a Block RAM Tile, that tile can still accommodate a RAMB18E2


4. ARITHMETIC
-------------

+----------------+------+-------+-----------+-------+
|    Site Type   | Used | Fixed | Available | Util% |
+----------------+------+-------+-----------+-------+
| DSPs           |   48 |     0 |      1728 |  2.78 |
|   DSP48E2 only |   48 |       |           |       |
+----------------+------+-------+-----------+-------+


5. I/O
------

+------------------+------+-------+-----------+-------+
|     Site Type    | Used | Fixed | Available | Util% |
+------------------+------+-------+-----------+-------+
| Bonded IOB       |   56 |     0 |       360 | 15.56 |
| HPIOB_M          |   27 |     0 |       144 | 18.75 |
|   INPUT          |   19 |       |           |       |
|   OUTPUT         |    8 |       |           |       |
|   BIDIR          |    0 |       |           |       |
| HPIOB_S          |   25 |     0 |       144 | 17.36 |
|   INPUT          |   17 |       |           |       |
|   OUTPUT         |    8 |       |           |       |
|   BIDIR          |    0 |       |           |       |
| HDIOB_M          |    0 |     0 |        24 |  0.00 |
| HDIOB_S          |    0 |     0 |        24 |  0.00 |
| HPIOB_SNGL       |    4 |     0 |        24 | 16.67 |
|   INPUT          |    0 |       |           |       |
|   OUTPUT         |    4 |       |           |       |
|   BIDIR          |    0 |       |           |       |
| HPIOBDIFFINBUF   |    0 |     0 |       192 |  0.00 |
| HPIOBDIFFOUTBUF  |    0 |     0 |       192 |  0.00 |
| HDIOBDIFFINBUF   |    0 |     0 |        48 |  0.00 |
| BITSLICE_CONTROL |    0 |     0 |        64 |  0.00 |
| BITSLICE_RX_TX   |    0 |     0 |       416 |  0.00 |
| BITSLICE_TX      |    0 |     0 |        64 |  0.00 |
| RIU_OR           |    0 |     0 |        32 |  0.00 |
+------------------+------+-------+-----------+-------+


6. CLOCK
--------

+----------------------+------+-------+-----------+-------+
|       Site Type      | Used | Fixed | Available | Util% |
+----------------------+------+-------+-----------+-------+
| GLOBAL CLOCK BUFFERs |    2 |     0 |       544 |  0.37 |
|   BUFGCE             |    2 |     0 |       208 |  0.96 |
|   BUFGCE_DIV         |    0 |     0 |        32 |  0.00 |
|   BUFG_GT            |    0 |     0 |       144 |  0.00 |
|   BUFG_PS            |    0 |     0 |        96 |  0.00 |
|   BUFGCTRL*          |    0 |     0 |        64 |  0.00 |
| PLL                  |    0 |     0 |        16 |  0.00 |
| MMCM                 |    0 |     0 |         8 |  0.00 |
+----------------------+------+-------+-----------+-------+
* Note: Each used BUFGCTRL counts as two GLOBAL CLOCK BUFFERs. This table does not include global clocking resources, only buffer cell usage. See the Clock Utilization Report (report_clock_utilization) for detailed accounting of global clocking resource availability.


7. ADVANCED
-----------

+-----------------+------+-------+-----------+-------+
|    Site Type    | Used | Fixed | Available | Util% |
+-----------------+------+-------+-----------+-------+
| GTHE4_CHANNEL   |    0 |     0 |        20 |  0.00 |
| GTHE4_COMMON    |    0 |     0 |         5 |  0.00 |
| OBUFDS_GTE4     |    0 |     0 |        10 |  0.00 |
| OBUFDS_GTE4_ADV |    0 |     0 |        10 |  0.00 |
| PCIE40E4        |    0 |     0 |         2 |  0.00 |
| PS8             |    0 |     0 |         1 |  0.00 |
| SYSMONE4        |    0 |     0 |         1 |  0.00 |
| VCU             |    0 |     0 |         1 |  0.00 |
+-----------------+------+-------+-----------+-------+


8. CONFIGURATION
----------------

+-------------+------+-------+-----------+-------+
|  Site Type  | Used | Fixed | Available | Util% |
+-------------+------+-------+-----------+-------+
| BSCANE2     |    0 |     0 |         4 |  0.00 |
| DNA_PORTE2  |    0 |     0 |         1 |  0.00 |
| EFUSE_USR   |    0 |     0 |         1 |  0.00 |
| FRAME_ECCE4 |    0 |     0 |         1 |  0.00 |
| ICAPE3      |    0 |     0 |         2 |  0.00 |
| MASTER_JTAG |    0 |     0 |         1 |  0.00 |
| STARTUPE3   |    0 |     0 |         1 |  0.00 |
+-------------+------+-------+-----------+-------+


9. Primitives
-------------

+----------+------+---------------------+
| Ref Name | Used | Functional Category |
+----------+------+---------------------+
| FDCE     | 1144 |            Register |
| LUT2     |  919 |                 CLB |
| LUT6     |  733 |                 CLB |
| LUT3     |  379 |                 CLB |
| LUT5     |  345 |                 CLB |
| LUT4     |  287 |                 CLB |
| CARRY8   |  154 |                 CLB |
| LUT1     |   83 |                 CLB |
| RAMS64E  |   64 |                 CLB |
| DSP48E2  |   48 |          Arithmetic |
| INBUF    |   36 |                 I/O |
| IBUFCTRL |   36 |              Others |
| RAMS32   |   32 |                 CLB |
| MUXF7    |   32 |                 CLB |
| FDPE     |   31 |            Register |
| OBUF     |   20 |                 I/O |
| FDRE     |   20 |            Register |
| RAMB36E2 |    3 |           Block Ram |
| BUFGCE   |    2 |               Clock |
+----------+------+---------------------+


10. Black Boxes
---------------

+----------+------+
| Ref Name | Used |
+----------+------+


11. Instantiated Netlists
-------------------------

+-------------------------------+------+
|            Ref Name           | Used |
+-------------------------------+------+
| dual_port_ram_blk_mem_gen_0_1 |    1 |
+-------------------------------+------+


