Copyright 1986-2019 Xilinx, Inc. All Rights Reserved.
--------------------------------------------------------------------------------------------------------------------------------------------------------------------------------
| Tool Version : Vivado v.2019.1 (win64) Build 2552052 Fri May 24 14:49:42 MDT 2019
| Date         : Mon Apr 25 05:21:31 2022
| Host         : DESKTOP-J3LHNSM running 64-bit major release  (build 9200)
| Command      : report_methodology -file ps_nrs_removal_methodology_drc_routed.rpt -pb ps_nrs_removal_methodology_drc_routed.pb -rpx ps_nrs_removal_methodology_drc_routed.rpx
| Design       : ps_nrs_removal
| Device       : xc7s100fgga676-2
| Speed File   : -2
| Design State : Fully Routed
--------------------------------------------------------------------------------------------------------------------------------------------------------------------------------

Report Methodology

Table of Contents
-----------------
1. REPORT SUMMARY
2. REPORT DETAILS

1. REPORT SUMMARY
-----------------
            Netlist: netlist
          Floorplan: design_1
      Design limits: <entire design considered>
             Max violations: <unlimited>
             Violations found: 391
+-----------+----------+-------------------------------+------------+
| Rule      | Severity | Description                   | Violations |
+-----------+----------+-------------------------------+------------+
| LUTAR-1   | Warning  | LUT drives async reset alert  | 1          |
| TIMING-18 | Warning  | Missing input or output delay | 390        |
+-----------+----------+-------------------------------+------------+

2. REPORT DETAILS
-----------------
LUTAR-1#1 Warning
LUT drives async reset alert  
LUT cell FSM_sequential_r_currState[1]_i_3, with 2 or more inputs, drives asynchronous preset/clear pin(s) FSM_sequential_r_currState_reg[0]/CLR, FSM_sequential_r_currState_reg[1]/CLR. The LUT may glitch and trigger an unexpected reset, even if it is a properly timed path.
Related violations: <none>

TIMING-18#1 Warning
Missing input or output delay  
An input delay is missing on i_chdone relative to clock(s) clk
Related violations: <none>

TIMING-18#2 Warning
Missing input or output delay  
An input delay is missing on i_eq10img[0] relative to clock(s) clk
Related violations: <none>

TIMING-18#3 Warning
Missing input or output delay  
An input delay is missing on i_eq10img[10] relative to clock(s) clk
Related violations: <none>

TIMING-18#4 Warning
Missing input or output delay  
An input delay is missing on i_eq10img[11] relative to clock(s) clk
Related violations: <none>

TIMING-18#5 Warning
Missing input or output delay  
An input delay is missing on i_eq10img[12] relative to clock(s) clk
Related violations: <none>

TIMING-18#6 Warning
Missing input or output delay  
An input delay is missing on i_eq10img[13] relative to clock(s) clk
Related violations: <none>

TIMING-18#7 Warning
Missing input or output delay  
An input delay is missing on i_eq10img[14] relative to clock(s) clk
Related violations: <none>

TIMING-18#8 Warning
Missing input or output delay  
An input delay is missing on i_eq10img[15] relative to clock(s) clk
Related violations: <none>

TIMING-18#9 Warning
Missing input or output delay  
An input delay is missing on i_eq10img[1] relative to clock(s) clk
Related violations: <none>

TIMING-18#10 Warning
Missing input or output delay  
An input delay is missing on i_eq10img[2] relative to clock(s) clk
Related violations: <none>

TIMING-18#11 Warning
Missing input or output delay  
An input delay is missing on i_eq10img[3] relative to clock(s) clk
Related violations: <none>

TIMING-18#12 Warning
Missing input or output delay  
An input delay is missing on i_eq10img[4] relative to clock(s) clk
Related violations: <none>

TIMING-18#13 Warning
Missing input or output delay  
An input delay is missing on i_eq10img[5] relative to clock(s) clk
Related violations: <none>

TIMING-18#14 Warning
Missing input or output delay  
An input delay is missing on i_eq10img[6] relative to clock(s) clk
Related violations: <none>

TIMING-18#15 Warning
Missing input or output delay  
An input delay is missing on i_eq10img[7] relative to clock(s) clk
Related violations: <none>

TIMING-18#16 Warning
Missing input or output delay  
An input delay is missing on i_eq10img[8] relative to clock(s) clk
Related violations: <none>

TIMING-18#17 Warning
Missing input or output delay  
An input delay is missing on i_eq10img[9] relative to clock(s) clk
Related violations: <none>

TIMING-18#18 Warning
Missing input or output delay  
An input delay is missing on i_eq10real[0] relative to clock(s) clk
Related violations: <none>

TIMING-18#19 Warning
Missing input or output delay  
An input delay is missing on i_eq10real[10] relative to clock(s) clk
Related violations: <none>

TIMING-18#20 Warning
Missing input or output delay  
An input delay is missing on i_eq10real[11] relative to clock(s) clk
Related violations: <none>

TIMING-18#21 Warning
Missing input or output delay  
An input delay is missing on i_eq10real[12] relative to clock(s) clk
Related violations: <none>

TIMING-18#22 Warning
Missing input or output delay  
An input delay is missing on i_eq10real[13] relative to clock(s) clk
Related violations: <none>

TIMING-18#23 Warning
Missing input or output delay  
An input delay is missing on i_eq10real[14] relative to clock(s) clk
Related violations: <none>

TIMING-18#24 Warning
Missing input or output delay  
An input delay is missing on i_eq10real[15] relative to clock(s) clk
Related violations: <none>

TIMING-18#25 Warning
Missing input or output delay  
An input delay is missing on i_eq10real[1] relative to clock(s) clk
Related violations: <none>

TIMING-18#26 Warning
Missing input or output delay  
An input delay is missing on i_eq10real[2] relative to clock(s) clk
Related violations: <none>

TIMING-18#27 Warning
Missing input or output delay  
An input delay is missing on i_eq10real[3] relative to clock(s) clk
Related violations: <none>

TIMING-18#28 Warning
Missing input or output delay  
An input delay is missing on i_eq10real[4] relative to clock(s) clk
Related violations: <none>

TIMING-18#29 Warning
Missing input or output delay  
An input delay is missing on i_eq10real[5] relative to clock(s) clk
Related violations: <none>

TIMING-18#30 Warning
Missing input or output delay  
An input delay is missing on i_eq10real[6] relative to clock(s) clk
Related violations: <none>

TIMING-18#31 Warning
Missing input or output delay  
An input delay is missing on i_eq10real[7] relative to clock(s) clk
Related violations: <none>

TIMING-18#32 Warning
Missing input or output delay  
An input delay is missing on i_eq10real[8] relative to clock(s) clk
Related violations: <none>

TIMING-18#33 Warning
Missing input or output delay  
An input delay is missing on i_eq10real[9] relative to clock(s) clk
Related violations: <none>

TIMING-18#34 Warning
Missing input or output delay  
An input delay is missing on i_eq11img[0] relative to clock(s) clk
Related violations: <none>

TIMING-18#35 Warning
Missing input or output delay  
An input delay is missing on i_eq11img[10] relative to clock(s) clk
Related violations: <none>

TIMING-18#36 Warning
Missing input or output delay  
An input delay is missing on i_eq11img[11] relative to clock(s) clk
Related violations: <none>

TIMING-18#37 Warning
Missing input or output delay  
An input delay is missing on i_eq11img[12] relative to clock(s) clk
Related violations: <none>

TIMING-18#38 Warning
Missing input or output delay  
An input delay is missing on i_eq11img[13] relative to clock(s) clk
Related violations: <none>

TIMING-18#39 Warning
Missing input or output delay  
An input delay is missing on i_eq11img[14] relative to clock(s) clk
Related violations: <none>

TIMING-18#40 Warning
Missing input or output delay  
An input delay is missing on i_eq11img[15] relative to clock(s) clk
Related violations: <none>

TIMING-18#41 Warning
Missing input or output delay  
An input delay is missing on i_eq11img[1] relative to clock(s) clk
Related violations: <none>

TIMING-18#42 Warning
Missing input or output delay  
An input delay is missing on i_eq11img[2] relative to clock(s) clk
Related violations: <none>

TIMING-18#43 Warning
Missing input or output delay  
An input delay is missing on i_eq11img[3] relative to clock(s) clk
Related violations: <none>

TIMING-18#44 Warning
Missing input or output delay  
An input delay is missing on i_eq11img[4] relative to clock(s) clk
Related violations: <none>

TIMING-18#45 Warning
Missing input or output delay  
An input delay is missing on i_eq11img[5] relative to clock(s) clk
Related violations: <none>

TIMING-18#46 Warning
Missing input or output delay  
An input delay is missing on i_eq11img[6] relative to clock(s) clk
Related violations: <none>

TIMING-18#47 Warning
Missing input or output delay  
An input delay is missing on i_eq11img[7] relative to clock(s) clk
Related violations: <none>

TIMING-18#48 Warning
Missing input or output delay  
An input delay is missing on i_eq11img[8] relative to clock(s) clk
Related violations: <none>

TIMING-18#49 Warning
Missing input or output delay  
An input delay is missing on i_eq11img[9] relative to clock(s) clk
Related violations: <none>

TIMING-18#50 Warning
Missing input or output delay  
An input delay is missing on i_eq11real[0] relative to clock(s) clk
Related violations: <none>

TIMING-18#51 Warning
Missing input or output delay  
An input delay is missing on i_eq11real[10] relative to clock(s) clk
Related violations: <none>

TIMING-18#52 Warning
Missing input or output delay  
An input delay is missing on i_eq11real[11] relative to clock(s) clk
Related violations: <none>

TIMING-18#53 Warning
Missing input or output delay  
An input delay is missing on i_eq11real[12] relative to clock(s) clk
Related violations: <none>

TIMING-18#54 Warning
Missing input or output delay  
An input delay is missing on i_eq11real[13] relative to clock(s) clk
Related violations: <none>

TIMING-18#55 Warning
Missing input or output delay  
An input delay is missing on i_eq11real[14] relative to clock(s) clk
Related violations: <none>

TIMING-18#56 Warning
Missing input or output delay  
An input delay is missing on i_eq11real[15] relative to clock(s) clk
Related violations: <none>

TIMING-18#57 Warning
Missing input or output delay  
An input delay is missing on i_eq11real[1] relative to clock(s) clk
Related violations: <none>

TIMING-18#58 Warning
Missing input or output delay  
An input delay is missing on i_eq11real[2] relative to clock(s) clk
Related violations: <none>

TIMING-18#59 Warning
Missing input or output delay  
An input delay is missing on i_eq11real[3] relative to clock(s) clk
Related violations: <none>

TIMING-18#60 Warning
Missing input or output delay  
An input delay is missing on i_eq11real[4] relative to clock(s) clk
Related violations: <none>

TIMING-18#61 Warning
Missing input or output delay  
An input delay is missing on i_eq11real[5] relative to clock(s) clk
Related violations: <none>

TIMING-18#62 Warning
Missing input or output delay  
An input delay is missing on i_eq11real[6] relative to clock(s) clk
Related violations: <none>

TIMING-18#63 Warning
Missing input or output delay  
An input delay is missing on i_eq11real[7] relative to clock(s) clk
Related violations: <none>

TIMING-18#64 Warning
Missing input or output delay  
An input delay is missing on i_eq11real[8] relative to clock(s) clk
Related violations: <none>

TIMING-18#65 Warning
Missing input or output delay  
An input delay is missing on i_eq11real[9] relative to clock(s) clk
Related violations: <none>

TIMING-18#66 Warning
Missing input or output delay  
An input delay is missing on i_eq12img[0] relative to clock(s) clk
Related violations: <none>

TIMING-18#67 Warning
Missing input or output delay  
An input delay is missing on i_eq12img[10] relative to clock(s) clk
Related violations: <none>

TIMING-18#68 Warning
Missing input or output delay  
An input delay is missing on i_eq12img[11] relative to clock(s) clk
Related violations: <none>

TIMING-18#69 Warning
Missing input or output delay  
An input delay is missing on i_eq12img[12] relative to clock(s) clk
Related violations: <none>

TIMING-18#70 Warning
Missing input or output delay  
An input delay is missing on i_eq12img[13] relative to clock(s) clk
Related violations: <none>

TIMING-18#71 Warning
Missing input or output delay  
An input delay is missing on i_eq12img[14] relative to clock(s) clk
Related violations: <none>

TIMING-18#72 Warning
Missing input or output delay  
An input delay is missing on i_eq12img[15] relative to clock(s) clk
Related violations: <none>

TIMING-18#73 Warning
Missing input or output delay  
An input delay is missing on i_eq12img[1] relative to clock(s) clk
Related violations: <none>

TIMING-18#74 Warning
Missing input or output delay  
An input delay is missing on i_eq12img[2] relative to clock(s) clk
Related violations: <none>

TIMING-18#75 Warning
Missing input or output delay  
An input delay is missing on i_eq12img[3] relative to clock(s) clk
Related violations: <none>

TIMING-18#76 Warning
Missing input or output delay  
An input delay is missing on i_eq12img[4] relative to clock(s) clk
Related violations: <none>

TIMING-18#77 Warning
Missing input or output delay  
An input delay is missing on i_eq12img[5] relative to clock(s) clk
Related violations: <none>

TIMING-18#78 Warning
Missing input or output delay  
An input delay is missing on i_eq12img[6] relative to clock(s) clk
Related violations: <none>

TIMING-18#79 Warning
Missing input or output delay  
An input delay is missing on i_eq12img[7] relative to clock(s) clk
Related violations: <none>

TIMING-18#80 Warning
Missing input or output delay  
An input delay is missing on i_eq12img[8] relative to clock(s) clk
Related violations: <none>

TIMING-18#81 Warning
Missing input or output delay  
An input delay is missing on i_eq12img[9] relative to clock(s) clk
Related violations: <none>

TIMING-18#82 Warning
Missing input or output delay  
An input delay is missing on i_eq12real[0] relative to clock(s) clk
Related violations: <none>

TIMING-18#83 Warning
Missing input or output delay  
An input delay is missing on i_eq12real[10] relative to clock(s) clk
Related violations: <none>

TIMING-18#84 Warning
Missing input or output delay  
An input delay is missing on i_eq12real[11] relative to clock(s) clk
Related violations: <none>

TIMING-18#85 Warning
Missing input or output delay  
An input delay is missing on i_eq12real[12] relative to clock(s) clk
Related violations: <none>

TIMING-18#86 Warning
Missing input or output delay  
An input delay is missing on i_eq12real[13] relative to clock(s) clk
Related violations: <none>

TIMING-18#87 Warning
Missing input or output delay  
An input delay is missing on i_eq12real[14] relative to clock(s) clk
Related violations: <none>

TIMING-18#88 Warning
Missing input or output delay  
An input delay is missing on i_eq12real[15] relative to clock(s) clk
Related violations: <none>

TIMING-18#89 Warning
Missing input or output delay  
An input delay is missing on i_eq12real[1] relative to clock(s) clk
Related violations: <none>

TIMING-18#90 Warning
Missing input or output delay  
An input delay is missing on i_eq12real[2] relative to clock(s) clk
Related violations: <none>

TIMING-18#91 Warning
Missing input or output delay  
An input delay is missing on i_eq12real[3] relative to clock(s) clk
Related violations: <none>

TIMING-18#92 Warning
Missing input or output delay  
An input delay is missing on i_eq12real[4] relative to clock(s) clk
Related violations: <none>

TIMING-18#93 Warning
Missing input or output delay  
An input delay is missing on i_eq12real[5] relative to clock(s) clk
Related violations: <none>

TIMING-18#94 Warning
Missing input or output delay  
An input delay is missing on i_eq12real[6] relative to clock(s) clk
Related violations: <none>

TIMING-18#95 Warning
Missing input or output delay  
An input delay is missing on i_eq12real[7] relative to clock(s) clk
Related violations: <none>

TIMING-18#96 Warning
Missing input or output delay  
An input delay is missing on i_eq12real[8] relative to clock(s) clk
Related violations: <none>

TIMING-18#97 Warning
Missing input or output delay  
An input delay is missing on i_eq12real[9] relative to clock(s) clk
Related violations: <none>

TIMING-18#98 Warning
Missing input or output delay  
An input delay is missing on i_eq1img[0] relative to clock(s) clk
Related violations: <none>

TIMING-18#99 Warning
Missing input or output delay  
An input delay is missing on i_eq1img[10] relative to clock(s) clk
Related violations: <none>

TIMING-18#100 Warning
Missing input or output delay  
An input delay is missing on i_eq1img[11] relative to clock(s) clk
Related violations: <none>

TIMING-18#101 Warning
Missing input or output delay  
An input delay is missing on i_eq1img[12] relative to clock(s) clk
Related violations: <none>

TIMING-18#102 Warning
Missing input or output delay  
An input delay is missing on i_eq1img[13] relative to clock(s) clk
Related violations: <none>

TIMING-18#103 Warning
Missing input or output delay  
An input delay is missing on i_eq1img[14] relative to clock(s) clk
Related violations: <none>

TIMING-18#104 Warning
Missing input or output delay  
An input delay is missing on i_eq1img[15] relative to clock(s) clk
Related violations: <none>

TIMING-18#105 Warning
Missing input or output delay  
An input delay is missing on i_eq1img[1] relative to clock(s) clk
Related violations: <none>

TIMING-18#106 Warning
Missing input or output delay  
An input delay is missing on i_eq1img[2] relative to clock(s) clk
Related violations: <none>

TIMING-18#107 Warning
Missing input or output delay  
An input delay is missing on i_eq1img[3] relative to clock(s) clk
Related violations: <none>

TIMING-18#108 Warning
Missing input or output delay  
An input delay is missing on i_eq1img[4] relative to clock(s) clk
Related violations: <none>

TIMING-18#109 Warning
Missing input or output delay  
An input delay is missing on i_eq1img[5] relative to clock(s) clk
Related violations: <none>

TIMING-18#110 Warning
Missing input or output delay  
An input delay is missing on i_eq1img[6] relative to clock(s) clk
Related violations: <none>

TIMING-18#111 Warning
Missing input or output delay  
An input delay is missing on i_eq1img[7] relative to clock(s) clk
Related violations: <none>

TIMING-18#112 Warning
Missing input or output delay  
An input delay is missing on i_eq1img[8] relative to clock(s) clk
Related violations: <none>

TIMING-18#113 Warning
Missing input or output delay  
An input delay is missing on i_eq1img[9] relative to clock(s) clk
Related violations: <none>

TIMING-18#114 Warning
Missing input or output delay  
An input delay is missing on i_eq1real[0] relative to clock(s) clk
Related violations: <none>

TIMING-18#115 Warning
Missing input or output delay  
An input delay is missing on i_eq1real[10] relative to clock(s) clk
Related violations: <none>

TIMING-18#116 Warning
Missing input or output delay  
An input delay is missing on i_eq1real[11] relative to clock(s) clk
Related violations: <none>

TIMING-18#117 Warning
Missing input or output delay  
An input delay is missing on i_eq1real[12] relative to clock(s) clk
Related violations: <none>

TIMING-18#118 Warning
Missing input or output delay  
An input delay is missing on i_eq1real[13] relative to clock(s) clk
Related violations: <none>

TIMING-18#119 Warning
Missing input or output delay  
An input delay is missing on i_eq1real[14] relative to clock(s) clk
Related violations: <none>

TIMING-18#120 Warning
Missing input or output delay  
An input delay is missing on i_eq1real[15] relative to clock(s) clk
Related violations: <none>

TIMING-18#121 Warning
Missing input or output delay  
An input delay is missing on i_eq1real[1] relative to clock(s) clk
Related violations: <none>

TIMING-18#122 Warning
Missing input or output delay  
An input delay is missing on i_eq1real[2] relative to clock(s) clk
Related violations: <none>

TIMING-18#123 Warning
Missing input or output delay  
An input delay is missing on i_eq1real[3] relative to clock(s) clk
Related violations: <none>

TIMING-18#124 Warning
Missing input or output delay  
An input delay is missing on i_eq1real[4] relative to clock(s) clk
Related violations: <none>

TIMING-18#125 Warning
Missing input or output delay  
An input delay is missing on i_eq1real[5] relative to clock(s) clk
Related violations: <none>

TIMING-18#126 Warning
Missing input or output delay  
An input delay is missing on i_eq1real[6] relative to clock(s) clk
Related violations: <none>

TIMING-18#127 Warning
Missing input or output delay  
An input delay is missing on i_eq1real[7] relative to clock(s) clk
Related violations: <none>

TIMING-18#128 Warning
Missing input or output delay  
An input delay is missing on i_eq1real[8] relative to clock(s) clk
Related violations: <none>

TIMING-18#129 Warning
Missing input or output delay  
An input delay is missing on i_eq1real[9] relative to clock(s) clk
Related violations: <none>

TIMING-18#130 Warning
Missing input or output delay  
An input delay is missing on i_eq2img[0] relative to clock(s) clk
Related violations: <none>

TIMING-18#131 Warning
Missing input or output delay  
An input delay is missing on i_eq2img[10] relative to clock(s) clk
Related violations: <none>

TIMING-18#132 Warning
Missing input or output delay  
An input delay is missing on i_eq2img[11] relative to clock(s) clk
Related violations: <none>

TIMING-18#133 Warning
Missing input or output delay  
An input delay is missing on i_eq2img[12] relative to clock(s) clk
Related violations: <none>

TIMING-18#134 Warning
Missing input or output delay  
An input delay is missing on i_eq2img[13] relative to clock(s) clk
Related violations: <none>

TIMING-18#135 Warning
Missing input or output delay  
An input delay is missing on i_eq2img[14] relative to clock(s) clk
Related violations: <none>

TIMING-18#136 Warning
Missing input or output delay  
An input delay is missing on i_eq2img[15] relative to clock(s) clk
Related violations: <none>

TIMING-18#137 Warning
Missing input or output delay  
An input delay is missing on i_eq2img[1] relative to clock(s) clk
Related violations: <none>

TIMING-18#138 Warning
Missing input or output delay  
An input delay is missing on i_eq2img[2] relative to clock(s) clk
Related violations: <none>

TIMING-18#139 Warning
Missing input or output delay  
An input delay is missing on i_eq2img[3] relative to clock(s) clk
Related violations: <none>

TIMING-18#140 Warning
Missing input or output delay  
An input delay is missing on i_eq2img[4] relative to clock(s) clk
Related violations: <none>

TIMING-18#141 Warning
Missing input or output delay  
An input delay is missing on i_eq2img[5] relative to clock(s) clk
Related violations: <none>

TIMING-18#142 Warning
Missing input or output delay  
An input delay is missing on i_eq2img[6] relative to clock(s) clk
Related violations: <none>

TIMING-18#143 Warning
Missing input or output delay  
An input delay is missing on i_eq2img[7] relative to clock(s) clk
Related violations: <none>

TIMING-18#144 Warning
Missing input or output delay  
An input delay is missing on i_eq2img[8] relative to clock(s) clk
Related violations: <none>

TIMING-18#145 Warning
Missing input or output delay  
An input delay is missing on i_eq2img[9] relative to clock(s) clk
Related violations: <none>

TIMING-18#146 Warning
Missing input or output delay  
An input delay is missing on i_eq2real[0] relative to clock(s) clk
Related violations: <none>

TIMING-18#147 Warning
Missing input or output delay  
An input delay is missing on i_eq2real[10] relative to clock(s) clk
Related violations: <none>

TIMING-18#148 Warning
Missing input or output delay  
An input delay is missing on i_eq2real[11] relative to clock(s) clk
Related violations: <none>

TIMING-18#149 Warning
Missing input or output delay  
An input delay is missing on i_eq2real[12] relative to clock(s) clk
Related violations: <none>

TIMING-18#150 Warning
Missing input or output delay  
An input delay is missing on i_eq2real[13] relative to clock(s) clk
Related violations: <none>

TIMING-18#151 Warning
Missing input or output delay  
An input delay is missing on i_eq2real[14] relative to clock(s) clk
Related violations: <none>

TIMING-18#152 Warning
Missing input or output delay  
An input delay is missing on i_eq2real[15] relative to clock(s) clk
Related violations: <none>

TIMING-18#153 Warning
Missing input or output delay  
An input delay is missing on i_eq2real[1] relative to clock(s) clk
Related violations: <none>

TIMING-18#154 Warning
Missing input or output delay  
An input delay is missing on i_eq2real[2] relative to clock(s) clk
Related violations: <none>

TIMING-18#155 Warning
Missing input or output delay  
An input delay is missing on i_eq2real[3] relative to clock(s) clk
Related violations: <none>

TIMING-18#156 Warning
Missing input or output delay  
An input delay is missing on i_eq2real[4] relative to clock(s) clk
Related violations: <none>

TIMING-18#157 Warning
Missing input or output delay  
An input delay is missing on i_eq2real[5] relative to clock(s) clk
Related violations: <none>

TIMING-18#158 Warning
Missing input or output delay  
An input delay is missing on i_eq2real[6] relative to clock(s) clk
Related violations: <none>

TIMING-18#159 Warning
Missing input or output delay  
An input delay is missing on i_eq2real[7] relative to clock(s) clk
Related violations: <none>

TIMING-18#160 Warning
Missing input or output delay  
An input delay is missing on i_eq2real[8] relative to clock(s) clk
Related violations: <none>

TIMING-18#161 Warning
Missing input or output delay  
An input delay is missing on i_eq2real[9] relative to clock(s) clk
Related violations: <none>

TIMING-18#162 Warning
Missing input or output delay  
An input delay is missing on i_eq3img[0] relative to clock(s) clk
Related violations: <none>

TIMING-18#163 Warning
Missing input or output delay  
An input delay is missing on i_eq3img[10] relative to clock(s) clk
Related violations: <none>

TIMING-18#164 Warning
Missing input or output delay  
An input delay is missing on i_eq3img[11] relative to clock(s) clk
Related violations: <none>

TIMING-18#165 Warning
Missing input or output delay  
An input delay is missing on i_eq3img[12] relative to clock(s) clk
Related violations: <none>

TIMING-18#166 Warning
Missing input or output delay  
An input delay is missing on i_eq3img[13] relative to clock(s) clk
Related violations: <none>

TIMING-18#167 Warning
Missing input or output delay  
An input delay is missing on i_eq3img[14] relative to clock(s) clk
Related violations: <none>

TIMING-18#168 Warning
Missing input or output delay  
An input delay is missing on i_eq3img[15] relative to clock(s) clk
Related violations: <none>

TIMING-18#169 Warning
Missing input or output delay  
An input delay is missing on i_eq3img[1] relative to clock(s) clk
Related violations: <none>

TIMING-18#170 Warning
Missing input or output delay  
An input delay is missing on i_eq3img[2] relative to clock(s) clk
Related violations: <none>

TIMING-18#171 Warning
Missing input or output delay  
An input delay is missing on i_eq3img[3] relative to clock(s) clk
Related violations: <none>

TIMING-18#172 Warning
Missing input or output delay  
An input delay is missing on i_eq3img[4] relative to clock(s) clk
Related violations: <none>

TIMING-18#173 Warning
Missing input or output delay  
An input delay is missing on i_eq3img[5] relative to clock(s) clk
Related violations: <none>

TIMING-18#174 Warning
Missing input or output delay  
An input delay is missing on i_eq3img[6] relative to clock(s) clk
Related violations: <none>

TIMING-18#175 Warning
Missing input or output delay  
An input delay is missing on i_eq3img[7] relative to clock(s) clk
Related violations: <none>

TIMING-18#176 Warning
Missing input or output delay  
An input delay is missing on i_eq3img[8] relative to clock(s) clk
Related violations: <none>

TIMING-18#177 Warning
Missing input or output delay  
An input delay is missing on i_eq3img[9] relative to clock(s) clk
Related violations: <none>

TIMING-18#178 Warning
Missing input or output delay  
An input delay is missing on i_eq3real[0] relative to clock(s) clk
Related violations: <none>

TIMING-18#179 Warning
Missing input or output delay  
An input delay is missing on i_eq3real[10] relative to clock(s) clk
Related violations: <none>

TIMING-18#180 Warning
Missing input or output delay  
An input delay is missing on i_eq3real[11] relative to clock(s) clk
Related violations: <none>

TIMING-18#181 Warning
Missing input or output delay  
An input delay is missing on i_eq3real[12] relative to clock(s) clk
Related violations: <none>

TIMING-18#182 Warning
Missing input or output delay  
An input delay is missing on i_eq3real[13] relative to clock(s) clk
Related violations: <none>

TIMING-18#183 Warning
Missing input or output delay  
An input delay is missing on i_eq3real[14] relative to clock(s) clk
Related violations: <none>

TIMING-18#184 Warning
Missing input or output delay  
An input delay is missing on i_eq3real[15] relative to clock(s) clk
Related violations: <none>

TIMING-18#185 Warning
Missing input or output delay  
An input delay is missing on i_eq3real[1] relative to clock(s) clk
Related violations: <none>

TIMING-18#186 Warning
Missing input or output delay  
An input delay is missing on i_eq3real[2] relative to clock(s) clk
Related violations: <none>

TIMING-18#187 Warning
Missing input or output delay  
An input delay is missing on i_eq3real[3] relative to clock(s) clk
Related violations: <none>

TIMING-18#188 Warning
Missing input or output delay  
An input delay is missing on i_eq3real[4] relative to clock(s) clk
Related violations: <none>

TIMING-18#189 Warning
Missing input or output delay  
An input delay is missing on i_eq3real[5] relative to clock(s) clk
Related violations: <none>

TIMING-18#190 Warning
Missing input or output delay  
An input delay is missing on i_eq3real[6] relative to clock(s) clk
Related violations: <none>

TIMING-18#191 Warning
Missing input or output delay  
An input delay is missing on i_eq3real[7] relative to clock(s) clk
Related violations: <none>

TIMING-18#192 Warning
Missing input or output delay  
An input delay is missing on i_eq3real[8] relative to clock(s) clk
Related violations: <none>

TIMING-18#193 Warning
Missing input or output delay  
An input delay is missing on i_eq3real[9] relative to clock(s) clk
Related violations: <none>

TIMING-18#194 Warning
Missing input or output delay  
An input delay is missing on i_eq4img[0] relative to clock(s) clk
Related violations: <none>

TIMING-18#195 Warning
Missing input or output delay  
An input delay is missing on i_eq4img[10] relative to clock(s) clk
Related violations: <none>

TIMING-18#196 Warning
Missing input or output delay  
An input delay is missing on i_eq4img[11] relative to clock(s) clk
Related violations: <none>

TIMING-18#197 Warning
Missing input or output delay  
An input delay is missing on i_eq4img[12] relative to clock(s) clk
Related violations: <none>

TIMING-18#198 Warning
Missing input or output delay  
An input delay is missing on i_eq4img[13] relative to clock(s) clk
Related violations: <none>

TIMING-18#199 Warning
Missing input or output delay  
An input delay is missing on i_eq4img[14] relative to clock(s) clk
Related violations: <none>

TIMING-18#200 Warning
Missing input or output delay  
An input delay is missing on i_eq4img[15] relative to clock(s) clk
Related violations: <none>

TIMING-18#201 Warning
Missing input or output delay  
An input delay is missing on i_eq4img[1] relative to clock(s) clk
Related violations: <none>

TIMING-18#202 Warning
Missing input or output delay  
An input delay is missing on i_eq4img[2] relative to clock(s) clk
Related violations: <none>

TIMING-18#203 Warning
Missing input or output delay  
An input delay is missing on i_eq4img[3] relative to clock(s) clk
Related violations: <none>

TIMING-18#204 Warning
Missing input or output delay  
An input delay is missing on i_eq4img[4] relative to clock(s) clk
Related violations: <none>

TIMING-18#205 Warning
Missing input or output delay  
An input delay is missing on i_eq4img[5] relative to clock(s) clk
Related violations: <none>

TIMING-18#206 Warning
Missing input or output delay  
An input delay is missing on i_eq4img[6] relative to clock(s) clk
Related violations: <none>

TIMING-18#207 Warning
Missing input or output delay  
An input delay is missing on i_eq4img[7] relative to clock(s) clk
Related violations: <none>

TIMING-18#208 Warning
Missing input or output delay  
An input delay is missing on i_eq4img[8] relative to clock(s) clk
Related violations: <none>

TIMING-18#209 Warning
Missing input or output delay  
An input delay is missing on i_eq4img[9] relative to clock(s) clk
Related violations: <none>

TIMING-18#210 Warning
Missing input or output delay  
An input delay is missing on i_eq4real[0] relative to clock(s) clk
Related violations: <none>

TIMING-18#211 Warning
Missing input or output delay  
An input delay is missing on i_eq4real[10] relative to clock(s) clk
Related violations: <none>

TIMING-18#212 Warning
Missing input or output delay  
An input delay is missing on i_eq4real[11] relative to clock(s) clk
Related violations: <none>

TIMING-18#213 Warning
Missing input or output delay  
An input delay is missing on i_eq4real[12] relative to clock(s) clk
Related violations: <none>

TIMING-18#214 Warning
Missing input or output delay  
An input delay is missing on i_eq4real[13] relative to clock(s) clk
Related violations: <none>

TIMING-18#215 Warning
Missing input or output delay  
An input delay is missing on i_eq4real[14] relative to clock(s) clk
Related violations: <none>

TIMING-18#216 Warning
Missing input or output delay  
An input delay is missing on i_eq4real[15] relative to clock(s) clk
Related violations: <none>

TIMING-18#217 Warning
Missing input or output delay  
An input delay is missing on i_eq4real[1] relative to clock(s) clk
Related violations: <none>

TIMING-18#218 Warning
Missing input or output delay  
An input delay is missing on i_eq4real[2] relative to clock(s) clk
Related violations: <none>

TIMING-18#219 Warning
Missing input or output delay  
An input delay is missing on i_eq4real[3] relative to clock(s) clk
Related violations: <none>

TIMING-18#220 Warning
Missing input or output delay  
An input delay is missing on i_eq4real[4] relative to clock(s) clk
Related violations: <none>

TIMING-18#221 Warning
Missing input or output delay  
An input delay is missing on i_eq4real[5] relative to clock(s) clk
Related violations: <none>

TIMING-18#222 Warning
Missing input or output delay  
An input delay is missing on i_eq4real[6] relative to clock(s) clk
Related violations: <none>

TIMING-18#223 Warning
Missing input or output delay  
An input delay is missing on i_eq4real[7] relative to clock(s) clk
Related violations: <none>

TIMING-18#224 Warning
Missing input or output delay  
An input delay is missing on i_eq4real[8] relative to clock(s) clk
Related violations: <none>

TIMING-18#225 Warning
Missing input or output delay  
An input delay is missing on i_eq4real[9] relative to clock(s) clk
Related violations: <none>

TIMING-18#226 Warning
Missing input or output delay  
An input delay is missing on i_eq5img[0] relative to clock(s) clk
Related violations: <none>

TIMING-18#227 Warning
Missing input or output delay  
An input delay is missing on i_eq5img[10] relative to clock(s) clk
Related violations: <none>

TIMING-18#228 Warning
Missing input or output delay  
An input delay is missing on i_eq5img[11] relative to clock(s) clk
Related violations: <none>

TIMING-18#229 Warning
Missing input or output delay  
An input delay is missing on i_eq5img[12] relative to clock(s) clk
Related violations: <none>

TIMING-18#230 Warning
Missing input or output delay  
An input delay is missing on i_eq5img[13] relative to clock(s) clk
Related violations: <none>

TIMING-18#231 Warning
Missing input or output delay  
An input delay is missing on i_eq5img[14] relative to clock(s) clk
Related violations: <none>

TIMING-18#232 Warning
Missing input or output delay  
An input delay is missing on i_eq5img[15] relative to clock(s) clk
Related violations: <none>

TIMING-18#233 Warning
Missing input or output delay  
An input delay is missing on i_eq5img[1] relative to clock(s) clk
Related violations: <none>

TIMING-18#234 Warning
Missing input or output delay  
An input delay is missing on i_eq5img[2] relative to clock(s) clk
Related violations: <none>

TIMING-18#235 Warning
Missing input or output delay  
An input delay is missing on i_eq5img[3] relative to clock(s) clk
Related violations: <none>

TIMING-18#236 Warning
Missing input or output delay  
An input delay is missing on i_eq5img[4] relative to clock(s) clk
Related violations: <none>

TIMING-18#237 Warning
Missing input or output delay  
An input delay is missing on i_eq5img[5] relative to clock(s) clk
Related violations: <none>

TIMING-18#238 Warning
Missing input or output delay  
An input delay is missing on i_eq5img[6] relative to clock(s) clk
Related violations: <none>

TIMING-18#239 Warning
Missing input or output delay  
An input delay is missing on i_eq5img[7] relative to clock(s) clk
Related violations: <none>

TIMING-18#240 Warning
Missing input or output delay  
An input delay is missing on i_eq5img[8] relative to clock(s) clk
Related violations: <none>

TIMING-18#241 Warning
Missing input or output delay  
An input delay is missing on i_eq5img[9] relative to clock(s) clk
Related violations: <none>

TIMING-18#242 Warning
Missing input or output delay  
An input delay is missing on i_eq5real[0] relative to clock(s) clk
Related violations: <none>

TIMING-18#243 Warning
Missing input or output delay  
An input delay is missing on i_eq5real[10] relative to clock(s) clk
Related violations: <none>

TIMING-18#244 Warning
Missing input or output delay  
An input delay is missing on i_eq5real[11] relative to clock(s) clk
Related violations: <none>

TIMING-18#245 Warning
Missing input or output delay  
An input delay is missing on i_eq5real[12] relative to clock(s) clk
Related violations: <none>

TIMING-18#246 Warning
Missing input or output delay  
An input delay is missing on i_eq5real[13] relative to clock(s) clk
Related violations: <none>

TIMING-18#247 Warning
Missing input or output delay  
An input delay is missing on i_eq5real[14] relative to clock(s) clk
Related violations: <none>

TIMING-18#248 Warning
Missing input or output delay  
An input delay is missing on i_eq5real[15] relative to clock(s) clk
Related violations: <none>

TIMING-18#249 Warning
Missing input or output delay  
An input delay is missing on i_eq5real[1] relative to clock(s) clk
Related violations: <none>

TIMING-18#250 Warning
Missing input or output delay  
An input delay is missing on i_eq5real[2] relative to clock(s) clk
Related violations: <none>

TIMING-18#251 Warning
Missing input or output delay  
An input delay is missing on i_eq5real[3] relative to clock(s) clk
Related violations: <none>

TIMING-18#252 Warning
Missing input or output delay  
An input delay is missing on i_eq5real[4] relative to clock(s) clk
Related violations: <none>

TIMING-18#253 Warning
Missing input or output delay  
An input delay is missing on i_eq5real[5] relative to clock(s) clk
Related violations: <none>

TIMING-18#254 Warning
Missing input or output delay  
An input delay is missing on i_eq5real[6] relative to clock(s) clk
Related violations: <none>

TIMING-18#255 Warning
Missing input or output delay  
An input delay is missing on i_eq5real[7] relative to clock(s) clk
Related violations: <none>

TIMING-18#256 Warning
Missing input or output delay  
An input delay is missing on i_eq5real[8] relative to clock(s) clk
Related violations: <none>

TIMING-18#257 Warning
Missing input or output delay  
An input delay is missing on i_eq5real[9] relative to clock(s) clk
Related violations: <none>

TIMING-18#258 Warning
Missing input or output delay  
An input delay is missing on i_eq6img[0] relative to clock(s) clk
Related violations: <none>

TIMING-18#259 Warning
Missing input or output delay  
An input delay is missing on i_eq6img[10] relative to clock(s) clk
Related violations: <none>

TIMING-18#260 Warning
Missing input or output delay  
An input delay is missing on i_eq6img[11] relative to clock(s) clk
Related violations: <none>

TIMING-18#261 Warning
Missing input or output delay  
An input delay is missing on i_eq6img[12] relative to clock(s) clk
Related violations: <none>

TIMING-18#262 Warning
Missing input or output delay  
An input delay is missing on i_eq6img[13] relative to clock(s) clk
Related violations: <none>

TIMING-18#263 Warning
Missing input or output delay  
An input delay is missing on i_eq6img[14] relative to clock(s) clk
Related violations: <none>

TIMING-18#264 Warning
Missing input or output delay  
An input delay is missing on i_eq6img[15] relative to clock(s) clk
Related violations: <none>

TIMING-18#265 Warning
Missing input or output delay  
An input delay is missing on i_eq6img[1] relative to clock(s) clk
Related violations: <none>

TIMING-18#266 Warning
Missing input or output delay  
An input delay is missing on i_eq6img[2] relative to clock(s) clk
Related violations: <none>

TIMING-18#267 Warning
Missing input or output delay  
An input delay is missing on i_eq6img[3] relative to clock(s) clk
Related violations: <none>

TIMING-18#268 Warning
Missing input or output delay  
An input delay is missing on i_eq6img[4] relative to clock(s) clk
Related violations: <none>

TIMING-18#269 Warning
Missing input or output delay  
An input delay is missing on i_eq6img[5] relative to clock(s) clk
Related violations: <none>

TIMING-18#270 Warning
Missing input or output delay  
An input delay is missing on i_eq6img[6] relative to clock(s) clk
Related violations: <none>

TIMING-18#271 Warning
Missing input or output delay  
An input delay is missing on i_eq6img[7] relative to clock(s) clk
Related violations: <none>

TIMING-18#272 Warning
Missing input or output delay  
An input delay is missing on i_eq6img[8] relative to clock(s) clk
Related violations: <none>

TIMING-18#273 Warning
Missing input or output delay  
An input delay is missing on i_eq6img[9] relative to clock(s) clk
Related violations: <none>

TIMING-18#274 Warning
Missing input or output delay  
An input delay is missing on i_eq6real[0] relative to clock(s) clk
Related violations: <none>

TIMING-18#275 Warning
Missing input or output delay  
An input delay is missing on i_eq6real[10] relative to clock(s) clk
Related violations: <none>

TIMING-18#276 Warning
Missing input or output delay  
An input delay is missing on i_eq6real[11] relative to clock(s) clk
Related violations: <none>

TIMING-18#277 Warning
Missing input or output delay  
An input delay is missing on i_eq6real[12] relative to clock(s) clk
Related violations: <none>

TIMING-18#278 Warning
Missing input or output delay  
An input delay is missing on i_eq6real[13] relative to clock(s) clk
Related violations: <none>

TIMING-18#279 Warning
Missing input or output delay  
An input delay is missing on i_eq6real[14] relative to clock(s) clk
Related violations: <none>

TIMING-18#280 Warning
Missing input or output delay  
An input delay is missing on i_eq6real[15] relative to clock(s) clk
Related violations: <none>

TIMING-18#281 Warning
Missing input or output delay  
An input delay is missing on i_eq6real[1] relative to clock(s) clk
Related violations: <none>

TIMING-18#282 Warning
Missing input or output delay  
An input delay is missing on i_eq6real[2] relative to clock(s) clk
Related violations: <none>

TIMING-18#283 Warning
Missing input or output delay  
An input delay is missing on i_eq6real[3] relative to clock(s) clk
Related violations: <none>

TIMING-18#284 Warning
Missing input or output delay  
An input delay is missing on i_eq6real[4] relative to clock(s) clk
Related violations: <none>

TIMING-18#285 Warning
Missing input or output delay  
An input delay is missing on i_eq6real[5] relative to clock(s) clk
Related violations: <none>

TIMING-18#286 Warning
Missing input or output delay  
An input delay is missing on i_eq6real[6] relative to clock(s) clk
Related violations: <none>

TIMING-18#287 Warning
Missing input or output delay  
An input delay is missing on i_eq6real[7] relative to clock(s) clk
Related violations: <none>

TIMING-18#288 Warning
Missing input or output delay  
An input delay is missing on i_eq6real[8] relative to clock(s) clk
Related violations: <none>

TIMING-18#289 Warning
Missing input or output delay  
An input delay is missing on i_eq6real[9] relative to clock(s) clk
Related violations: <none>

TIMING-18#290 Warning
Missing input or output delay  
An input delay is missing on i_eq7img[0] relative to clock(s) clk
Related violations: <none>

TIMING-18#291 Warning
Missing input or output delay  
An input delay is missing on i_eq7img[10] relative to clock(s) clk
Related violations: <none>

TIMING-18#292 Warning
Missing input or output delay  
An input delay is missing on i_eq7img[11] relative to clock(s) clk
Related violations: <none>

TIMING-18#293 Warning
Missing input or output delay  
An input delay is missing on i_eq7img[12] relative to clock(s) clk
Related violations: <none>

TIMING-18#294 Warning
Missing input or output delay  
An input delay is missing on i_eq7img[13] relative to clock(s) clk
Related violations: <none>

TIMING-18#295 Warning
Missing input or output delay  
An input delay is missing on i_eq7img[14] relative to clock(s) clk
Related violations: <none>

TIMING-18#296 Warning
Missing input or output delay  
An input delay is missing on i_eq7img[15] relative to clock(s) clk
Related violations: <none>

TIMING-18#297 Warning
Missing input or output delay  
An input delay is missing on i_eq7img[1] relative to clock(s) clk
Related violations: <none>

TIMING-18#298 Warning
Missing input or output delay  
An input delay is missing on i_eq7img[2] relative to clock(s) clk
Related violations: <none>

TIMING-18#299 Warning
Missing input or output delay  
An input delay is missing on i_eq7img[3] relative to clock(s) clk
Related violations: <none>

TIMING-18#300 Warning
Missing input or output delay  
An input delay is missing on i_eq7img[4] relative to clock(s) clk
Related violations: <none>

TIMING-18#301 Warning
Missing input or output delay  
An input delay is missing on i_eq7img[5] relative to clock(s) clk
Related violations: <none>

TIMING-18#302 Warning
Missing input or output delay  
An input delay is missing on i_eq7img[6] relative to clock(s) clk
Related violations: <none>

TIMING-18#303 Warning
Missing input or output delay  
An input delay is missing on i_eq7img[7] relative to clock(s) clk
Related violations: <none>

TIMING-18#304 Warning
Missing input or output delay  
An input delay is missing on i_eq7img[8] relative to clock(s) clk
Related violations: <none>

TIMING-18#305 Warning
Missing input or output delay  
An input delay is missing on i_eq7img[9] relative to clock(s) clk
Related violations: <none>

TIMING-18#306 Warning
Missing input or output delay  
An input delay is missing on i_eq7real[0] relative to clock(s) clk
Related violations: <none>

TIMING-18#307 Warning
Missing input or output delay  
An input delay is missing on i_eq7real[10] relative to clock(s) clk
Related violations: <none>

TIMING-18#308 Warning
Missing input or output delay  
An input delay is missing on i_eq7real[11] relative to clock(s) clk
Related violations: <none>

TIMING-18#309 Warning
Missing input or output delay  
An input delay is missing on i_eq7real[12] relative to clock(s) clk
Related violations: <none>

TIMING-18#310 Warning
Missing input or output delay  
An input delay is missing on i_eq7real[13] relative to clock(s) clk
Related violations: <none>

TIMING-18#311 Warning
Missing input or output delay  
An input delay is missing on i_eq7real[14] relative to clock(s) clk
Related violations: <none>

TIMING-18#312 Warning
Missing input or output delay  
An input delay is missing on i_eq7real[15] relative to clock(s) clk
Related violations: <none>

TIMING-18#313 Warning
Missing input or output delay  
An input delay is missing on i_eq7real[1] relative to clock(s) clk
Related violations: <none>

TIMING-18#314 Warning
Missing input or output delay  
An input delay is missing on i_eq7real[2] relative to clock(s) clk
Related violations: <none>

TIMING-18#315 Warning
Missing input or output delay  
An input delay is missing on i_eq7real[3] relative to clock(s) clk
Related violations: <none>

TIMING-18#316 Warning
Missing input or output delay  
An input delay is missing on i_eq7real[4] relative to clock(s) clk
Related violations: <none>

TIMING-18#317 Warning
Missing input or output delay  
An input delay is missing on i_eq7real[5] relative to clock(s) clk
Related violations: <none>

TIMING-18#318 Warning
Missing input or output delay  
An input delay is missing on i_eq7real[6] relative to clock(s) clk
Related violations: <none>

TIMING-18#319 Warning
Missing input or output delay  
An input delay is missing on i_eq7real[7] relative to clock(s) clk
Related violations: <none>

TIMING-18#320 Warning
Missing input or output delay  
An input delay is missing on i_eq7real[8] relative to clock(s) clk
Related violations: <none>

TIMING-18#321 Warning
Missing input or output delay  
An input delay is missing on i_eq7real[9] relative to clock(s) clk
Related violations: <none>

TIMING-18#322 Warning
Missing input or output delay  
An input delay is missing on i_eq8img[0] relative to clock(s) clk
Related violations: <none>

TIMING-18#323 Warning
Missing input or output delay  
An input delay is missing on i_eq8img[10] relative to clock(s) clk
Related violations: <none>

TIMING-18#324 Warning
Missing input or output delay  
An input delay is missing on i_eq8img[11] relative to clock(s) clk
Related violations: <none>

TIMING-18#325 Warning
Missing input or output delay  
An input delay is missing on i_eq8img[12] relative to clock(s) clk
Related violations: <none>

TIMING-18#326 Warning
Missing input or output delay  
An input delay is missing on i_eq8img[13] relative to clock(s) clk
Related violations: <none>

TIMING-18#327 Warning
Missing input or output delay  
An input delay is missing on i_eq8img[14] relative to clock(s) clk
Related violations: <none>

TIMING-18#328 Warning
Missing input or output delay  
An input delay is missing on i_eq8img[15] relative to clock(s) clk
Related violations: <none>

TIMING-18#329 Warning
Missing input or output delay  
An input delay is missing on i_eq8img[1] relative to clock(s) clk
Related violations: <none>

TIMING-18#330 Warning
Missing input or output delay  
An input delay is missing on i_eq8img[2] relative to clock(s) clk
Related violations: <none>

TIMING-18#331 Warning
Missing input or output delay  
An input delay is missing on i_eq8img[3] relative to clock(s) clk
Related violations: <none>

TIMING-18#332 Warning
Missing input or output delay  
An input delay is missing on i_eq8img[4] relative to clock(s) clk
Related violations: <none>

TIMING-18#333 Warning
Missing input or output delay  
An input delay is missing on i_eq8img[5] relative to clock(s) clk
Related violations: <none>

TIMING-18#334 Warning
Missing input or output delay  
An input delay is missing on i_eq8img[6] relative to clock(s) clk
Related violations: <none>

TIMING-18#335 Warning
Missing input or output delay  
An input delay is missing on i_eq8img[7] relative to clock(s) clk
Related violations: <none>

TIMING-18#336 Warning
Missing input or output delay  
An input delay is missing on i_eq8img[8] relative to clock(s) clk
Related violations: <none>

TIMING-18#337 Warning
Missing input or output delay  
An input delay is missing on i_eq8img[9] relative to clock(s) clk
Related violations: <none>

TIMING-18#338 Warning
Missing input or output delay  
An input delay is missing on i_eq8real[0] relative to clock(s) clk
Related violations: <none>

TIMING-18#339 Warning
Missing input or output delay  
An input delay is missing on i_eq8real[10] relative to clock(s) clk
Related violations: <none>

TIMING-18#340 Warning
Missing input or output delay  
An input delay is missing on i_eq8real[11] relative to clock(s) clk
Related violations: <none>

TIMING-18#341 Warning
Missing input or output delay  
An input delay is missing on i_eq8real[12] relative to clock(s) clk
Related violations: <none>

TIMING-18#342 Warning
Missing input or output delay  
An input delay is missing on i_eq8real[13] relative to clock(s) clk
Related violations: <none>

TIMING-18#343 Warning
Missing input or output delay  
An input delay is missing on i_eq8real[14] relative to clock(s) clk
Related violations: <none>

TIMING-18#344 Warning
Missing input or output delay  
An input delay is missing on i_eq8real[15] relative to clock(s) clk
Related violations: <none>

TIMING-18#345 Warning
Missing input or output delay  
An input delay is missing on i_eq8real[1] relative to clock(s) clk
Related violations: <none>

TIMING-18#346 Warning
Missing input or output delay  
An input delay is missing on i_eq8real[2] relative to clock(s) clk
Related violations: <none>

TIMING-18#347 Warning
Missing input or output delay  
An input delay is missing on i_eq8real[3] relative to clock(s) clk
Related violations: <none>

TIMING-18#348 Warning
Missing input or output delay  
An input delay is missing on i_eq8real[4] relative to clock(s) clk
Related violations: <none>

TIMING-18#349 Warning
Missing input or output delay  
An input delay is missing on i_eq8real[5] relative to clock(s) clk
Related violations: <none>

TIMING-18#350 Warning
Missing input or output delay  
An input delay is missing on i_eq8real[6] relative to clock(s) clk
Related violations: <none>

TIMING-18#351 Warning
Missing input or output delay  
An input delay is missing on i_eq8real[7] relative to clock(s) clk
Related violations: <none>

TIMING-18#352 Warning
Missing input or output delay  
An input delay is missing on i_eq8real[8] relative to clock(s) clk
Related violations: <none>

TIMING-18#353 Warning
Missing input or output delay  
An input delay is missing on i_eq8real[9] relative to clock(s) clk
Related violations: <none>

TIMING-18#354 Warning
Missing input or output delay  
An input delay is missing on i_eq9img[0] relative to clock(s) clk
Related violations: <none>

TIMING-18#355 Warning
Missing input or output delay  
An input delay is missing on i_eq9img[10] relative to clock(s) clk
Related violations: <none>

TIMING-18#356 Warning
Missing input or output delay  
An input delay is missing on i_eq9img[11] relative to clock(s) clk
Related violations: <none>

TIMING-18#357 Warning
Missing input or output delay  
An input delay is missing on i_eq9img[12] relative to clock(s) clk
Related violations: <none>

TIMING-18#358 Warning
Missing input or output delay  
An input delay is missing on i_eq9img[13] relative to clock(s) clk
Related violations: <none>

TIMING-18#359 Warning
Missing input or output delay  
An input delay is missing on i_eq9img[14] relative to clock(s) clk
Related violations: <none>

TIMING-18#360 Warning
Missing input or output delay  
An input delay is missing on i_eq9img[15] relative to clock(s) clk
Related violations: <none>

TIMING-18#361 Warning
Missing input or output delay  
An input delay is missing on i_eq9img[1] relative to clock(s) clk
Related violations: <none>

TIMING-18#362 Warning
Missing input or output delay  
An input delay is missing on i_eq9img[2] relative to clock(s) clk
Related violations: <none>

TIMING-18#363 Warning
Missing input or output delay  
An input delay is missing on i_eq9img[3] relative to clock(s) clk
Related violations: <none>

TIMING-18#364 Warning
Missing input or output delay  
An input delay is missing on i_eq9img[4] relative to clock(s) clk
Related violations: <none>

TIMING-18#365 Warning
Missing input or output delay  
An input delay is missing on i_eq9img[5] relative to clock(s) clk
Related violations: <none>

TIMING-18#366 Warning
Missing input or output delay  
An input delay is missing on i_eq9img[6] relative to clock(s) clk
Related violations: <none>

TIMING-18#367 Warning
Missing input or output delay  
An input delay is missing on i_eq9img[7] relative to clock(s) clk
Related violations: <none>

TIMING-18#368 Warning
Missing input or output delay  
An input delay is missing on i_eq9img[8] relative to clock(s) clk
Related violations: <none>

TIMING-18#369 Warning
Missing input or output delay  
An input delay is missing on i_eq9img[9] relative to clock(s) clk
Related violations: <none>

TIMING-18#370 Warning
Missing input or output delay  
An input delay is missing on i_eq9real[0] relative to clock(s) clk
Related violations: <none>

TIMING-18#371 Warning
Missing input or output delay  
An input delay is missing on i_eq9real[10] relative to clock(s) clk
Related violations: <none>

TIMING-18#372 Warning
Missing input or output delay  
An input delay is missing on i_eq9real[11] relative to clock(s) clk
Related violations: <none>

TIMING-18#373 Warning
Missing input or output delay  
An input delay is missing on i_eq9real[12] relative to clock(s) clk
Related violations: <none>

TIMING-18#374 Warning
Missing input or output delay  
An input delay is missing on i_eq9real[13] relative to clock(s) clk
Related violations: <none>

TIMING-18#375 Warning
Missing input or output delay  
An input delay is missing on i_eq9real[14] relative to clock(s) clk
Related violations: <none>

TIMING-18#376 Warning
Missing input or output delay  
An input delay is missing on i_eq9real[15] relative to clock(s) clk
Related violations: <none>

TIMING-18#377 Warning
Missing input or output delay  
An input delay is missing on i_eq9real[1] relative to clock(s) clk
Related violations: <none>

TIMING-18#378 Warning
Missing input or output delay  
An input delay is missing on i_eq9real[2] relative to clock(s) clk
Related violations: <none>

TIMING-18#379 Warning
Missing input or output delay  
An input delay is missing on i_eq9real[3] relative to clock(s) clk
Related violations: <none>

TIMING-18#380 Warning
Missing input or output delay  
An input delay is missing on i_eq9real[4] relative to clock(s) clk
Related violations: <none>

TIMING-18#381 Warning
Missing input or output delay  
An input delay is missing on i_eq9real[5] relative to clock(s) clk
Related violations: <none>

TIMING-18#382 Warning
Missing input or output delay  
An input delay is missing on i_eq9real[6] relative to clock(s) clk
Related violations: <none>

TIMING-18#383 Warning
Missing input or output delay  
An input delay is missing on i_eq9real[7] relative to clock(s) clk
Related violations: <none>

TIMING-18#384 Warning
Missing input or output delay  
An input delay is missing on i_eq9real[8] relative to clock(s) clk
Related violations: <none>

TIMING-18#385 Warning
Missing input or output delay  
An input delay is missing on i_eq9real[9] relative to clock(s) clk
Related violations: <none>

TIMING-18#386 Warning
Missing input or output delay  
An input delay is missing on i_rstn relative to clock(s) clk
Related violations: <none>

TIMING-18#387 Warning
Missing input or output delay  
An output delay is missing on o_demodEn relative to clock(s) clk
Related violations: <none>

TIMING-18#388 Warning
Missing input or output delay  
An output delay is missing on o_equalize relative to clock(s) clk
Related violations: <none>

TIMING-18#389 Warning
Missing input or output delay  
An output delay is missing on o_signI relative to clock(s) clk
Related violations: <none>

TIMING-18#390 Warning
Missing input or output delay  
An output delay is missing on o_signQ relative to clock(s) clk
Related violations: <none>


