Copyright 1986-2019 Xilinx, Inc. All Rights Reserved.
-----------------------------------------------------------------------------------------------------------
| Tool Version : Vivado v.2019.1 (win64) Build 2552052 Fri May 24 14:49:42 MDT 2019
| Date         : Fri Apr  1 18:00:16 2022
| Host         : Jarvis running 64-bit major release  (build 9200)
| Command      : report_utilization -file fft_top_utilization_placed.rpt -pb fft_top_utilization_placed.pb
| Design       : fft_top
| Device       : xczu7evffvc1156-2
| Design State : Fully Placed
-----------------------------------------------------------------------------------------------------------

Utilization Design Information

Table of Contents
-----------------
1. CLB Logic
1.1 Summary of Registers by Type
2. CLB Logic Distribution
3. BLOCKRAM
4. ARITHMETIC
5. I/O
6. CLOCK
7. ADVANCED
8. CONFIGURATION
9. Primitives
10. Black Boxes
11. Instantiated Netlists

1. CLB Logic
------------

+----------------------------+------+-------+-----------+-------+
|          Site Type         | Used | Fixed | Available | Util% |
+----------------------------+------+-------+-----------+-------+
| CLB LUTs                   |  663 |     0 |    230400 |  0.29 |
|   LUT as Logic             |  615 |     0 |    230400 |  0.27 |
|   LUT as Memory            |   48 |     0 |    101760 |  0.05 |
|     LUT as Distributed RAM |   48 |     0 |           |       |
|     LUT as Shift Register  |    0 |     0 |           |       |
| CLB Registers              |  160 |     0 |    460800 |  0.03 |
|   Register as Flip Flop    |  160 |     0 |    460800 |  0.03 |
|   Register as Latch        |    0 |     0 |    460800 |  0.00 |
| CARRY8                     |   48 |     0 |     28800 |  0.17 |
| F7 Muxes                   |    0 |     0 |    115200 |  0.00 |
| F8 Muxes                   |    0 |     0 |     57600 |  0.00 |
| F9 Muxes                   |    0 |     0 |     28800 |  0.00 |
+----------------------------+------+-------+-----------+-------+


1.1 Summary of Registers by Type
--------------------------------

+-------+--------------+-------------+--------------+
| Total | Clock Enable | Synchronous | Asynchronous |
+-------+--------------+-------------+--------------+
| 0     |            _ |           - |            - |
| 0     |            _ |           - |          Set |
| 0     |            _ |           - |        Reset |
| 0     |            _ |         Set |            - |
| 0     |            _ |       Reset |            - |
| 0     |          Yes |           - |            - |
| 13    |          Yes |           - |          Set |
| 18    |          Yes |           - |        Reset |
| 0     |          Yes |         Set |            - |
| 129   |          Yes |       Reset |            - |
+-------+--------------+-------------+--------------+


2. CLB Logic Distribution
-------------------------

+--------------------------------------------+------+-------+-----------+-------+
|                  Site Type                 | Used | Fixed | Available | Util% |
+--------------------------------------------+------+-------+-----------+-------+
| CLB                                        |   98 |     0 |     28800 |  0.34 |
|   CLBL                                     |   56 |     0 |           |       |
|   CLBM                                     |   42 |     0 |           |       |
| LUT as Logic                               |  615 |     0 |    230400 |  0.27 |
|   using O5 output only                     |    2 |       |           |       |
|   using O6 output only                     |  594 |       |           |       |
|   using O5 and O6                          |   19 |       |           |       |
| LUT as Memory                              |   48 |     0 |    101760 |  0.05 |
|   LUT as Distributed RAM                   |   48 |     0 |           |       |
|     using O5 output only                   |    0 |       |           |       |
|     using O6 output only                   |    0 |       |           |       |
|     using O5 and O6                        |   48 |       |           |       |
|   LUT as Shift Register                    |    0 |     0 |           |       |
| CLB Registers                              |  160 |     0 |    460800 |  0.03 |
|   Register driven from within the CLB      |  156 |       |           |       |
|   Register driven from outside the CLB     |    4 |       |           |       |
|     LUT in front of the register is unused |    4 |       |           |       |
|     LUT in front of the register is used   |    0 |       |           |       |
| Unique Control Sets                        |    2 |       |     57600 | <0.01 |
+--------------------------------------------+------+-------+-----------+-------+
* Note: Available Control Sets calculated as CLB Registers / 8, Review the Control Sets Report for more information regarding control sets.


3. BLOCKRAM
-----------

+----------------+------+-------+-----------+-------+
|    Site Type   | Used | Fixed | Available | Util% |
+----------------+------+-------+-----------+-------+
| Block RAM Tile |    0 |     0 |       312 |  0.00 |
|   RAMB36/FIFO* |    0 |     0 |       312 |  0.00 |
|   RAMB18       |    0 |     0 |       624 |  0.00 |
| URAM           |    0 |     0 |        96 |  0.00 |
+----------------+------+-------+-----------+-------+
* Note: Each Block RAM Tile only has one FIFO logic available and therefore can accommodate only one FIFO36E2 or one FIFO18E2. However, if a FIFO18E2 occupies a Block RAM Tile, that tile can still accommodate a RAMB18E2


4. ARITHMETIC
-------------

+----------------+------+-------+-----------+-------+
|    Site Type   | Used | Fixed | Available | Util% |
+----------------+------+-------+-----------+-------+
| DSPs           |    4 |     0 |      1728 |  0.23 |
|   DSP48E2 only |    4 |       |           |       |
+----------------+------+-------+-----------+-------+


5. I/O
------

+------------------+------+-------+-----------+-------+
|     Site Type    | Used | Fixed | Available | Util% |
+------------------+------+-------+-----------+-------+
| Bonded IOB       |   68 |     0 |       360 | 18.89 |
| HPIOB_M          |   24 |     0 |       144 | 16.67 |
|   INPUT          |    8 |       |           |       |
|   OUTPUT         |   16 |       |           |       |
|   BIDIR          |    0 |       |           |       |
| HPIOB_S          |   24 |     0 |       144 | 16.67 |
|   INPUT          |    8 |       |           |       |
|   OUTPUT         |   16 |       |           |       |
|   BIDIR          |    0 |       |           |       |
| HDIOB_M          |   10 |     0 |        24 | 41.67 |
|   INPUT          |   10 |       |           |       |
|   OUTPUT         |    0 |       |           |       |
|   BIDIR          |    0 |       |           |       |
| HDIOB_S          |   10 |     0 |        24 | 41.67 |
|   INPUT          |    9 |       |           |       |
|   OUTPUT         |    1 |       |           |       |
|   BIDIR          |    0 |       |           |       |
| HPIOB_SNGL       |    0 |     0 |        24 |  0.00 |
| HPIOBDIFFINBUF   |    0 |     0 |       192 |  0.00 |
| HPIOBDIFFOUTBUF  |    0 |     0 |       192 |  0.00 |
| HDIOBDIFFINBUF   |    0 |     0 |        48 |  0.00 |
| BITSLICE_CONTROL |    0 |     0 |        64 |  0.00 |
| BITSLICE_RX_TX   |    0 |     0 |       416 |  0.00 |
| BITSLICE_TX      |    0 |     0 |        64 |  0.00 |
| RIU_OR           |    0 |     0 |        32 |  0.00 |
+------------------+------+-------+-----------+-------+


6. CLOCK
--------

+----------------------+------+-------+-----------+-------+
|       Site Type      | Used | Fixed | Available | Util% |
+----------------------+------+-------+-----------+-------+
| GLOBAL CLOCK BUFFERs |    1 |     0 |       544 |  0.18 |
|   BUFGCE             |    1 |     0 |       208 |  0.48 |
|   BUFGCE_DIV         |    0 |     0 |        32 |  0.00 |
|   BUFG_GT            |    0 |     0 |       144 |  0.00 |
|   BUFG_PS            |    0 |     0 |        96 |  0.00 |
|   BUFGCTRL*          |    0 |     0 |        64 |  0.00 |
| PLL                  |    0 |     0 |        16 |  0.00 |
| MMCM                 |    0 |     0 |         8 |  0.00 |
+----------------------+------+-------+-----------+-------+
* Note: Each used BUFGCTRL counts as two GLOBAL CLOCK BUFFERs. This table does not include global clocking resources, only buffer cell usage. See the Clock Utilization Report (report_clock_utilization) for detailed accounting of global clocking resource availability.


7. ADVANCED
-----------

+-----------------+------+-------+-----------+-------+
|    Site Type    | Used | Fixed | Available | Util% |
+-----------------+------+-------+-----------+-------+
| GTHE4_CHANNEL   |    0 |     0 |        20 |  0.00 |
| GTHE4_COMMON    |    0 |     0 |         5 |  0.00 |
| OBUFDS_GTE4     |    0 |     0 |        10 |  0.00 |
| OBUFDS_GTE4_ADV |    0 |     0 |        10 |  0.00 |
| PCIE40E4        |    0 |     0 |         2 |  0.00 |
| PS8             |    0 |     0 |         1 |  0.00 |
| SYSMONE4        |    0 |     0 |         1 |  0.00 |
| VCU             |    0 |     0 |         1 |  0.00 |
+-----------------+------+-------+-----------+-------+


8. CONFIGURATION
----------------

+-------------+------+-------+-----------+-------+
|  Site Type  | Used | Fixed | Available | Util% |
+-------------+------+-------+-----------+-------+
| BSCANE2     |    0 |     0 |         4 |  0.00 |
| DNA_PORTE2  |    0 |     0 |         1 |  0.00 |
| EFUSE_USR   |    0 |     0 |         1 |  0.00 |
| FRAME_ECCE4 |    0 |     0 |         1 |  0.00 |
| ICAPE3      |    0 |     0 |         2 |  0.00 |
| MASTER_JTAG |    0 |     0 |         1 |  0.00 |
| STARTUPE3   |    0 |     0 |         1 |  0.00 |
+-------------+------+-------+-----------+-------+


9. Primitives
-------------

+----------+------+---------------------+
| Ref Name | Used | Functional Category |
+----------+------+---------------------+
| LUT2     |  303 |                 CLB |
| LUT5     |  221 |                 CLB |
| FDRE     |  129 |            Register |
| RAMS32   |   96 |                 CLB |
| LUT6     |   86 |                 CLB |
| CARRY8   |   48 |                 CLB |
| INBUF    |   35 |                 I/O |
| IBUFCTRL |   35 |              Others |
| OBUF     |   33 |                 I/O |
| FDCE     |   18 |            Register |
| LUT4     |   15 |                 CLB |
| FDPE     |   13 |            Register |
| LUT3     |    9 |                 CLB |
| DSP48E2  |    4 |          Arithmetic |
| BUFGCE   |    1 |               Clock |
+----------+------+---------------------+


10. Black Boxes
---------------

+----------+------+
| Ref Name | Used |
+----------+------+


11. Instantiated Netlists
-------------------------

+----------+------+
| Ref Name | Used |
+----------+------+


