Copyright 1986-2019 Xilinx, Inc. All Rights Reserved.
---------------------------------------------------------------------------------------------------------------
| Tool Version : Vivado v.2019.1 (win64) Build 2552052 Fri May 24 14:49:42 MDT 2019
| Date         : Sun May 15 17:24:52 2022
| Host         : Youssef-Dell running 64-bit major release  (build 9200)
| Command      : report_utilization -file top_eltop_utilization_placed.rpt -pb top_eltop_utilization_placed.pb
| Design       : top_eltop
| Device       : xczu7evffvc1156-2
| Design State : Fully Placed
---------------------------------------------------------------------------------------------------------------

Utilization Design Information

Table of Contents
-----------------
1. CLB Logic
1.1 Summary of Registers by Type
2. CLB Logic Distribution
3. BLOCKRAM
4. ARITHMETIC
5. I/O
6. CLOCK
7. ADVANCED
8. CONFIGURATION
9. Primitives
10. Black Boxes
11. Instantiated Netlists

1. CLB Logic
------------

+----------------------------+------+-------+-----------+-------+
|          Site Type         | Used | Fixed | Available | Util% |
+----------------------------+------+-------+-----------+-------+
| CLB LUTs                   | 4844 |     0 |    230400 |  2.10 |
|   LUT as Logic             | 4764 |     0 |    230400 |  2.07 |
|   LUT as Memory            |   80 |     0 |    101760 |  0.08 |
|     LUT as Distributed RAM |   80 |     0 |           |       |
|     LUT as Shift Register  |    0 |     0 |           |       |
| CLB Registers              |  841 |     0 |    460800 |  0.18 |
|   Register as Flip Flop    |  841 |     0 |    460800 |  0.18 |
|   Register as Latch        |    0 |     0 |    460800 |  0.00 |
| CARRY8                     |  265 |     0 |     28800 |  0.92 |
| F7 Muxes                   |   63 |     0 |    115200 |  0.05 |
| F8 Muxes                   |   28 |     0 |     57600 |  0.05 |
| F9 Muxes                   |    0 |     0 |     28800 |  0.00 |
+----------------------------+------+-------+-----------+-------+


1.1 Summary of Registers by Type
--------------------------------

+-------+--------------+-------------+--------------+
| Total | Clock Enable | Synchronous | Asynchronous |
+-------+--------------+-------------+--------------+
| 0     |            _ |           - |            - |
| 0     |            _ |           - |          Set |
| 0     |            _ |           - |        Reset |
| 0     |            _ |         Set |            - |
| 0     |            _ |       Reset |            - |
| 0     |          Yes |           - |            - |
| 14    |          Yes |           - |          Set |
| 290   |          Yes |           - |        Reset |
| 0     |          Yes |         Set |            - |
| 537   |          Yes |       Reset |            - |
+-------+--------------+-------------+--------------+


2. CLB Logic Distribution
-------------------------

+--------------------------------------------+------+-------+-----------+-------+
|                  Site Type                 | Used | Fixed | Available | Util% |
+--------------------------------------------+------+-------+-----------+-------+
| CLB                                        |  824 |     0 |     28800 |  2.86 |
|   CLBL                                     |  404 |     0 |           |       |
|   CLBM                                     |  420 |     0 |           |       |
| LUT as Logic                               | 4764 |     0 |    230400 |  2.07 |
|   using O5 output only                     |    9 |       |           |       |
|   using O6 output only                     | 3613 |       |           |       |
|   using O5 and O6                          | 1142 |       |           |       |
| LUT as Memory                              |   80 |     0 |    101760 |  0.08 |
|   LUT as Distributed RAM                   |   80 |     0 |           |       |
|     using O5 output only                   |    0 |       |           |       |
|     using O6 output only                   |   80 |       |           |       |
|     using O5 and O6                        |    0 |       |           |       |
|   LUT as Shift Register                    |    0 |     0 |           |       |
| CLB Registers                              |  841 |     0 |    460800 |  0.18 |
|   Register driven from within the CLB      |  827 |       |           |       |
|   Register driven from outside the CLB     |   14 |       |           |       |
|     LUT in front of the register is unused |   12 |       |           |       |
|     LUT in front of the register is used   |    2 |       |           |       |
| Unique Control Sets                        |   20 |       |     57600 |  0.03 |
+--------------------------------------------+------+-------+-----------+-------+
* Note: Available Control Sets calculated as CLB Registers / 8, Review the Control Sets Report for more information regarding control sets.


3. BLOCKRAM
-----------

+----------------+------+-------+-----------+-------+
|    Site Type   | Used | Fixed | Available | Util% |
+----------------+------+-------+-----------+-------+
| Block RAM Tile |    0 |     0 |       312 |  0.00 |
|   RAMB36/FIFO* |    0 |     0 |       312 |  0.00 |
|   RAMB18       |    0 |     0 |       624 |  0.00 |
| URAM           |    1 |     0 |        96 |  1.04 |
+----------------+------+-------+-----------+-------+
* Note: Each Block RAM Tile only has one FIFO logic available and therefore can accommodate only one FIFO36E2 or one FIFO18E2. However, if a FIFO18E2 occupies a Block RAM Tile, that tile can still accommodate a RAMB18E2


4. ARITHMETIC
-------------

+-----------+------+-------+-----------+-------+
| Site Type | Used | Fixed | Available | Util% |
+-----------+------+-------+-----------+-------+
| DSPs      |    0 |     0 |      1728 |  0.00 |
+-----------+------+-------+-----------+-------+


5. I/O
------

+------------------+------+-------+-----------+-------+
|     Site Type    | Used | Fixed | Available | Util% |
+------------------+------+-------+-----------+-------+
| Bonded IOB       |   85 |     0 |       360 | 23.61 |
| HPIOB_M          |   24 |     0 |       144 | 16.67 |
|   INPUT          |    0 |       |           |       |
|   OUTPUT         |   24 |       |           |       |
|   BIDIR          |    0 |       |           |       |
| HPIOB_S          |   24 |     0 |       144 | 16.67 |
|   INPUT          |    0 |       |           |       |
|   OUTPUT         |   24 |       |           |       |
|   BIDIR          |    0 |       |           |       |
| HDIOB_M          |   17 |     0 |        24 | 70.83 |
|   INPUT          |   10 |       |           |       |
|   OUTPUT         |    7 |       |           |       |
|   BIDIR          |    0 |       |           |       |
| HDIOB_S          |   16 |     0 |        24 | 66.67 |
|   INPUT          |    8 |       |           |       |
|   OUTPUT         |    8 |       |           |       |
|   BIDIR          |    0 |       |           |       |
| HPIOB_SNGL       |    4 |     0 |        24 | 16.67 |
|   INPUT          |    0 |       |           |       |
|   OUTPUT         |    4 |       |           |       |
|   BIDIR          |    0 |       |           |       |
| HPIOBDIFFINBUF   |    0 |     0 |       192 |  0.00 |
| HPIOBDIFFOUTBUF  |    0 |     0 |       192 |  0.00 |
| HDIOBDIFFINBUF   |    0 |     0 |        48 |  0.00 |
| BITSLICE_CONTROL |    0 |     0 |        64 |  0.00 |
| BITSLICE_RX_TX   |    0 |     0 |       416 |  0.00 |
| BITSLICE_TX      |    0 |     0 |        64 |  0.00 |
| RIU_OR           |    0 |     0 |        32 |  0.00 |
+------------------+------+-------+-----------+-------+


6. CLOCK
--------

+----------------------+------+-------+-----------+-------+
|       Site Type      | Used | Fixed | Available | Util% |
+----------------------+------+-------+-----------+-------+
| GLOBAL CLOCK BUFFERs |    1 |     0 |       544 |  0.18 |
|   BUFGCE             |    1 |     0 |       208 |  0.48 |
|   BUFGCE_DIV         |    0 |     0 |        32 |  0.00 |
|   BUFG_GT            |    0 |     0 |       144 |  0.00 |
|   BUFG_PS            |    0 |     0 |        96 |  0.00 |
|   BUFGCTRL*          |    0 |     0 |        64 |  0.00 |
| PLL                  |    0 |     0 |        16 |  0.00 |
| MMCM                 |    0 |     0 |         8 |  0.00 |
+----------------------+------+-------+-----------+-------+
* Note: Each used BUFGCTRL counts as two GLOBAL CLOCK BUFFERs. This table does not include global clocking resources, only buffer cell usage. See the Clock Utilization Report (report_clock_utilization) for detailed accounting of global clocking resource availability.


7. ADVANCED
-----------

+-----------------+------+-------+-----------+-------+
|    Site Type    | Used | Fixed | Available | Util% |
+-----------------+------+-------+-----------+-------+
| GTHE4_CHANNEL   |    0 |     0 |        20 |  0.00 |
| GTHE4_COMMON    |    0 |     0 |         5 |  0.00 |
| OBUFDS_GTE4     |    0 |     0 |        10 |  0.00 |
| OBUFDS_GTE4_ADV |    0 |     0 |        10 |  0.00 |
| PCIE40E4        |    0 |     0 |         2 |  0.00 |
| PS8             |    0 |     0 |         1 |  0.00 |
| SYSMONE4        |    0 |     0 |         1 |  0.00 |
| VCU             |    0 |     0 |         1 |  0.00 |
+-----------------+------+-------+-----------+-------+


8. CONFIGURATION
----------------

+-------------+------+-------+-----------+-------+
|  Site Type  | Used | Fixed | Available | Util% |
+-------------+------+-------+-----------+-------+
| BSCANE2     |    0 |     0 |         4 |  0.00 |
| DNA_PORTE2  |    0 |     0 |         1 |  0.00 |
| EFUSE_USR   |    0 |     0 |         1 |  0.00 |
| FRAME_ECCE4 |    0 |     0 |         1 |  0.00 |
| ICAPE3      |    0 |     0 |         2 |  0.00 |
| MASTER_JTAG |    0 |     0 |         1 |  0.00 |
| STARTUPE3   |    0 |     0 |         1 |  0.00 |
+-------------+------+-------+-----------+-------+


9. Primitives
-------------

+----------+------+---------------------+
| Ref Name | Used | Functional Category |
+----------+------+---------------------+
| LUT6     | 1933 |                 CLB |
| LUT4     | 1787 |                 CLB |
| LUT3     | 1060 |                 CLB |
| LUT5     |  957 |                 CLB |
| FDRE     |  537 |            Register |
| FDCE     |  290 |            Register |
| CARRY8   |  265 |                 CLB |
| LUT2     |   99 |                 CLB |
| RAMD64E  |   80 |                 CLB |
| LUT1     |   70 |                 CLB |
| OBUF     |   67 |                 I/O |
| MUXF7    |   63 |                 CLB |
| MUXF8    |   28 |                 CLB |
| INBUF    |   18 |                 I/O |
| IBUFCTRL |   18 |              Others |
| FDPE     |   14 |            Register |
| URAM288  |    1 |           Block Ram |
| BUFGCE   |    1 |               Clock |
+----------+------+---------------------+


10. Black Boxes
---------------

+----------+------+
| Ref Name | Used |
+----------+------+


11. Instantiated Netlists
-------------------------

+----------+------+
| Ref Name | Used |
+----------+------+


