Copyright 1986-2019 Xilinx, Inc. All Rights Reserved.
-----------------------------------------------------------------------------------------------------------------------------------------------------------------
| Tool Version : Vivado v.2019.1 (win64) Build 2552052 Fri May 24 14:49:42 MDT 2019
| Date         : Sun May 15 17:26:57 2022
| Host         : Youssef-Dell running 64-bit major release  (build 9200)
| Command      : report_methodology -file top_eltop_methodology_drc_routed.rpt -pb top_eltop_methodology_drc_routed.pb -rpx top_eltop_methodology_drc_routed.rpx
| Design       : top_eltop
| Device       : xczu7ev-ffvc1156-2-e
| Speed File   : -2
| Design State : Fully Routed
-----------------------------------------------------------------------------------------------------------------------------------------------------------------

Report Methodology

Table of Contents
-----------------
1. REPORT SUMMARY
2. REPORT DETAILS

1. REPORT SUMMARY
-----------------
            Netlist: netlist
          Floorplan: design_1
      Design limits: <entire design considered>
             Max violations: <unlimited>
             Violations found: 94
+---------+----------+-----------------------------------------------------------+------------+
| Rule    | Severity | Description                                               | Violations |
+---------+----------+-----------------------------------------------------------+------------+
| SYNTH-5 | Warning  | Mapped onto distributed RAM because of timing constraints | 10         |
| XDCH-2  | Warning  | Same min and max delay values on IO port                  | 84         |
+---------+----------+-----------------------------------------------------------+------------+

2. REPORT DETAILS
-----------------
SYNTH-5#1 Warning
Mapped onto distributed RAM because of timing constraints  
The instance u_LifoMemory/r_lifoMemory_reg_0_255_0_0 is implemented as distributed LUT RAM for the following reason: The timing constraints suggest that the chosen mapping will yield a better timing.
Related violations: <none>

SYNTH-5#2 Warning
Mapped onto distributed RAM because of timing constraints  
The instance u_LifoMemory/r_lifoMemory_reg_1024_1279_0_0 is implemented as distributed LUT RAM for the following reason: The timing constraints suggest that the chosen mapping will yield a better timing.
Related violations: <none>

SYNTH-5#3 Warning
Mapped onto distributed RAM because of timing constraints  
The instance u_LifoMemory/r_lifoMemory_reg_1280_1535_0_0 is implemented as distributed LUT RAM for the following reason: The timing constraints suggest that the chosen mapping will yield a better timing.
Related violations: <none>

SYNTH-5#4 Warning
Mapped onto distributed RAM because of timing constraints  
The instance u_LifoMemory/r_lifoMemory_reg_1536_1791_0_0 is implemented as distributed LUT RAM for the following reason: The timing constraints suggest that the chosen mapping will yield a better timing.
Related violations: <none>

SYNTH-5#5 Warning
Mapped onto distributed RAM because of timing constraints  
The instance u_LifoMemory/r_lifoMemory_reg_1792_2047_0_0 is implemented as distributed LUT RAM for the following reason: The timing constraints suggest that the chosen mapping will yield a better timing.
Related violations: <none>

SYNTH-5#6 Warning
Mapped onto distributed RAM because of timing constraints  
The instance u_LifoMemory/r_lifoMemory_reg_2048_2303_0_0 is implemented as distributed LUT RAM for the following reason: The timing constraints suggest that the chosen mapping will yield a better timing.
Related violations: <none>

SYNTH-5#7 Warning
Mapped onto distributed RAM because of timing constraints  
The instance u_LifoMemory/r_lifoMemory_reg_2304_2559_0_0 is implemented as distributed LUT RAM for the following reason: The timing constraints suggest that the chosen mapping will yield a better timing.
Related violations: <none>

SYNTH-5#8 Warning
Mapped onto distributed RAM because of timing constraints  
The instance u_LifoMemory/r_lifoMemory_reg_256_511_0_0 is implemented as distributed LUT RAM for the following reason: The timing constraints suggest that the chosen mapping will yield a better timing.
Related violations: <none>

SYNTH-5#9 Warning
Mapped onto distributed RAM because of timing constraints  
The instance u_LifoMemory/r_lifoMemory_reg_512_767_0_0 is implemented as distributed LUT RAM for the following reason: The timing constraints suggest that the chosen mapping will yield a better timing.
Related violations: <none>

SYNTH-5#10 Warning
Mapped onto distributed RAM because of timing constraints  
The instance u_LifoMemory/r_lifoMemory_reg_768_1023_0_0 is implemented as distributed LUT RAM for the following reason: The timing constraints suggest that the chosen mapping will yield a better timing.
Related violations: <none>

XDCH-2#1 Warning
Same min and max delay values on IO port  
The same input delay of 26.000 ns has been defined on port 'i_enable' relative to clock clk for both max and min. Make sure this reflects the design intent.
set_input_delay -clock clk -add_delay 26.000 [get_ports {i_enable {i_msg[0]} {i_msg[1]} {i_msg[2]} i_rstn {i_tbs[0]} {i_tbs[1]} {i_tbs[2]} {i_tbs[3]} {i_tbs[4]} {i_tbs[5]} {i_tbs[6]} {i_tbs[7]} {i_tbs[8]} {i_tbs[9]} {i_tbs[10]} {i_tbs[11]}}]
E:/Working/Digital Design/Graduation Project/Repo/Narrowband-IoT-Receiver/src/viterbi_decoder/viterbi_decoder.srcs/constrs_1/new/constraints.xdc (Line: 6)
Related violations: <none>

XDCH-2#2 Warning
Same min and max delay values on IO port  
The same input delay of 26.000 ns has been defined on port 'i_msg[0]' relative to clock clk for both max and min. Make sure this reflects the design intent.
set_input_delay -clock clk -add_delay 26.000 [get_ports {i_enable {i_msg[0]} {i_msg[1]} {i_msg[2]} i_rstn {i_tbs[0]} {i_tbs[1]} {i_tbs[2]} {i_tbs[3]} {i_tbs[4]} {i_tbs[5]} {i_tbs[6]} {i_tbs[7]} {i_tbs[8]} {i_tbs[9]} {i_tbs[10]} {i_tbs[11]}}]
E:/Working/Digital Design/Graduation Project/Repo/Narrowband-IoT-Receiver/src/viterbi_decoder/viterbi_decoder.srcs/constrs_1/new/constraints.xdc (Line: 6)
Related violations: <none>

XDCH-2#3 Warning
Same min and max delay values on IO port  
The same input delay of 26.000 ns has been defined on port 'i_msg[1]' relative to clock clk for both max and min. Make sure this reflects the design intent.
set_input_delay -clock clk -add_delay 26.000 [get_ports {i_enable {i_msg[0]} {i_msg[1]} {i_msg[2]} i_rstn {i_tbs[0]} {i_tbs[1]} {i_tbs[2]} {i_tbs[3]} {i_tbs[4]} {i_tbs[5]} {i_tbs[6]} {i_tbs[7]} {i_tbs[8]} {i_tbs[9]} {i_tbs[10]} {i_tbs[11]}}]
E:/Working/Digital Design/Graduation Project/Repo/Narrowband-IoT-Receiver/src/viterbi_decoder/viterbi_decoder.srcs/constrs_1/new/constraints.xdc (Line: 6)
Related violations: <none>

XDCH-2#4 Warning
Same min and max delay values on IO port  
The same input delay of 26.000 ns has been defined on port 'i_msg[2]' relative to clock clk for both max and min. Make sure this reflects the design intent.
set_input_delay -clock clk -add_delay 26.000 [get_ports {i_enable {i_msg[0]} {i_msg[1]} {i_msg[2]} i_rstn {i_tbs[0]} {i_tbs[1]} {i_tbs[2]} {i_tbs[3]} {i_tbs[4]} {i_tbs[5]} {i_tbs[6]} {i_tbs[7]} {i_tbs[8]} {i_tbs[9]} {i_tbs[10]} {i_tbs[11]}}]
E:/Working/Digital Design/Graduation Project/Repo/Narrowband-IoT-Receiver/src/viterbi_decoder/viterbi_decoder.srcs/constrs_1/new/constraints.xdc (Line: 6)
Related violations: <none>

XDCH-2#5 Warning
Same min and max delay values on IO port  
The same input delay of 26.000 ns has been defined on port 'i_rstn' relative to clock clk for both max and min. Make sure this reflects the design intent.
set_input_delay -clock clk -add_delay 26.000 [get_ports {i_enable {i_msg[0]} {i_msg[1]} {i_msg[2]} i_rstn {i_tbs[0]} {i_tbs[1]} {i_tbs[2]} {i_tbs[3]} {i_tbs[4]} {i_tbs[5]} {i_tbs[6]} {i_tbs[7]} {i_tbs[8]} {i_tbs[9]} {i_tbs[10]} {i_tbs[11]}}]
E:/Working/Digital Design/Graduation Project/Repo/Narrowband-IoT-Receiver/src/viterbi_decoder/viterbi_decoder.srcs/constrs_1/new/constraints.xdc (Line: 6)
Related violations: <none>

XDCH-2#6 Warning
Same min and max delay values on IO port  
The same input delay of 26.000 ns has been defined on port 'i_tbs[0]' relative to clock clk for both max and min. Make sure this reflects the design intent.
set_input_delay -clock clk -add_delay 26.000 [get_ports {i_enable {i_msg[0]} {i_msg[1]} {i_msg[2]} i_rstn {i_tbs[0]} {i_tbs[1]} {i_tbs[2]} {i_tbs[3]} {i_tbs[4]} {i_tbs[5]} {i_tbs[6]} {i_tbs[7]} {i_tbs[8]} {i_tbs[9]} {i_tbs[10]} {i_tbs[11]}}]
E:/Working/Digital Design/Graduation Project/Repo/Narrowband-IoT-Receiver/src/viterbi_decoder/viterbi_decoder.srcs/constrs_1/new/constraints.xdc (Line: 6)
Related violations: <none>

XDCH-2#7 Warning
Same min and max delay values on IO port  
The same input delay of 26.000 ns has been defined on port 'i_tbs[10]' relative to clock clk for both max and min. Make sure this reflects the design intent.
set_input_delay -clock clk -add_delay 26.000 [get_ports {i_enable {i_msg[0]} {i_msg[1]} {i_msg[2]} i_rstn {i_tbs[0]} {i_tbs[1]} {i_tbs[2]} {i_tbs[3]} {i_tbs[4]} {i_tbs[5]} {i_tbs[6]} {i_tbs[7]} {i_tbs[8]} {i_tbs[9]} {i_tbs[10]} {i_tbs[11]}}]
E:/Working/Digital Design/Graduation Project/Repo/Narrowband-IoT-Receiver/src/viterbi_decoder/viterbi_decoder.srcs/constrs_1/new/constraints.xdc (Line: 6)
Related violations: <none>

XDCH-2#8 Warning
Same min and max delay values on IO port  
The same input delay of 26.000 ns has been defined on port 'i_tbs[11]' relative to clock clk for both max and min. Make sure this reflects the design intent.
set_input_delay -clock clk -add_delay 26.000 [get_ports {i_enable {i_msg[0]} {i_msg[1]} {i_msg[2]} i_rstn {i_tbs[0]} {i_tbs[1]} {i_tbs[2]} {i_tbs[3]} {i_tbs[4]} {i_tbs[5]} {i_tbs[6]} {i_tbs[7]} {i_tbs[8]} {i_tbs[9]} {i_tbs[10]} {i_tbs[11]}}]
E:/Working/Digital Design/Graduation Project/Repo/Narrowband-IoT-Receiver/src/viterbi_decoder/viterbi_decoder.srcs/constrs_1/new/constraints.xdc (Line: 6)
Related violations: <none>

XDCH-2#9 Warning
Same min and max delay values on IO port  
The same input delay of 26.000 ns has been defined on port 'i_tbs[1]' relative to clock clk for both max and min. Make sure this reflects the design intent.
set_input_delay -clock clk -add_delay 26.000 [get_ports {i_enable {i_msg[0]} {i_msg[1]} {i_msg[2]} i_rstn {i_tbs[0]} {i_tbs[1]} {i_tbs[2]} {i_tbs[3]} {i_tbs[4]} {i_tbs[5]} {i_tbs[6]} {i_tbs[7]} {i_tbs[8]} {i_tbs[9]} {i_tbs[10]} {i_tbs[11]}}]
E:/Working/Digital Design/Graduation Project/Repo/Narrowband-IoT-Receiver/src/viterbi_decoder/viterbi_decoder.srcs/constrs_1/new/constraints.xdc (Line: 6)
Related violations: <none>

XDCH-2#10 Warning
Same min and max delay values on IO port  
The same input delay of 26.000 ns has been defined on port 'i_tbs[2]' relative to clock clk for both max and min. Make sure this reflects the design intent.
set_input_delay -clock clk -add_delay 26.000 [get_ports {i_enable {i_msg[0]} {i_msg[1]} {i_msg[2]} i_rstn {i_tbs[0]} {i_tbs[1]} {i_tbs[2]} {i_tbs[3]} {i_tbs[4]} {i_tbs[5]} {i_tbs[6]} {i_tbs[7]} {i_tbs[8]} {i_tbs[9]} {i_tbs[10]} {i_tbs[11]}}]
E:/Working/Digital Design/Graduation Project/Repo/Narrowband-IoT-Receiver/src/viterbi_decoder/viterbi_decoder.srcs/constrs_1/new/constraints.xdc (Line: 6)
Related violations: <none>

XDCH-2#11 Warning
Same min and max delay values on IO port  
The same input delay of 26.000 ns has been defined on port 'i_tbs[3]' relative to clock clk for both max and min. Make sure this reflects the design intent.
set_input_delay -clock clk -add_delay 26.000 [get_ports {i_enable {i_msg[0]} {i_msg[1]} {i_msg[2]} i_rstn {i_tbs[0]} {i_tbs[1]} {i_tbs[2]} {i_tbs[3]} {i_tbs[4]} {i_tbs[5]} {i_tbs[6]} {i_tbs[7]} {i_tbs[8]} {i_tbs[9]} {i_tbs[10]} {i_tbs[11]}}]
E:/Working/Digital Design/Graduation Project/Repo/Narrowband-IoT-Receiver/src/viterbi_decoder/viterbi_decoder.srcs/constrs_1/new/constraints.xdc (Line: 6)
Related violations: <none>

XDCH-2#12 Warning
Same min and max delay values on IO port  
The same input delay of 26.000 ns has been defined on port 'i_tbs[4]' relative to clock clk for both max and min. Make sure this reflects the design intent.
set_input_delay -clock clk -add_delay 26.000 [get_ports {i_enable {i_msg[0]} {i_msg[1]} {i_msg[2]} i_rstn {i_tbs[0]} {i_tbs[1]} {i_tbs[2]} {i_tbs[3]} {i_tbs[4]} {i_tbs[5]} {i_tbs[6]} {i_tbs[7]} {i_tbs[8]} {i_tbs[9]} {i_tbs[10]} {i_tbs[11]}}]
E:/Working/Digital Design/Graduation Project/Repo/Narrowband-IoT-Receiver/src/viterbi_decoder/viterbi_decoder.srcs/constrs_1/new/constraints.xdc (Line: 6)
Related violations: <none>

XDCH-2#13 Warning
Same min and max delay values on IO port  
The same input delay of 26.000 ns has been defined on port 'i_tbs[5]' relative to clock clk for both max and min. Make sure this reflects the design intent.
set_input_delay -clock clk -add_delay 26.000 [get_ports {i_enable {i_msg[0]} {i_msg[1]} {i_msg[2]} i_rstn {i_tbs[0]} {i_tbs[1]} {i_tbs[2]} {i_tbs[3]} {i_tbs[4]} {i_tbs[5]} {i_tbs[6]} {i_tbs[7]} {i_tbs[8]} {i_tbs[9]} {i_tbs[10]} {i_tbs[11]}}]
E:/Working/Digital Design/Graduation Project/Repo/Narrowband-IoT-Receiver/src/viterbi_decoder/viterbi_decoder.srcs/constrs_1/new/constraints.xdc (Line: 6)
Related violations: <none>

XDCH-2#14 Warning
Same min and max delay values on IO port  
The same input delay of 26.000 ns has been defined on port 'i_tbs[6]' relative to clock clk for both max and min. Make sure this reflects the design intent.
set_input_delay -clock clk -add_delay 26.000 [get_ports {i_enable {i_msg[0]} {i_msg[1]} {i_msg[2]} i_rstn {i_tbs[0]} {i_tbs[1]} {i_tbs[2]} {i_tbs[3]} {i_tbs[4]} {i_tbs[5]} {i_tbs[6]} {i_tbs[7]} {i_tbs[8]} {i_tbs[9]} {i_tbs[10]} {i_tbs[11]}}]
E:/Working/Digital Design/Graduation Project/Repo/Narrowband-IoT-Receiver/src/viterbi_decoder/viterbi_decoder.srcs/constrs_1/new/constraints.xdc (Line: 6)
Related violations: <none>

XDCH-2#15 Warning
Same min and max delay values on IO port  
The same input delay of 26.000 ns has been defined on port 'i_tbs[7]' relative to clock clk for both max and min. Make sure this reflects the design intent.
set_input_delay -clock clk -add_delay 26.000 [get_ports {i_enable {i_msg[0]} {i_msg[1]} {i_msg[2]} i_rstn {i_tbs[0]} {i_tbs[1]} {i_tbs[2]} {i_tbs[3]} {i_tbs[4]} {i_tbs[5]} {i_tbs[6]} {i_tbs[7]} {i_tbs[8]} {i_tbs[9]} {i_tbs[10]} {i_tbs[11]}}]
E:/Working/Digital Design/Graduation Project/Repo/Narrowband-IoT-Receiver/src/viterbi_decoder/viterbi_decoder.srcs/constrs_1/new/constraints.xdc (Line: 6)
Related violations: <none>

XDCH-2#16 Warning
Same min and max delay values on IO port  
The same input delay of 26.000 ns has been defined on port 'i_tbs[8]' relative to clock clk for both max and min. Make sure this reflects the design intent.
set_input_delay -clock clk -add_delay 26.000 [get_ports {i_enable {i_msg[0]} {i_msg[1]} {i_msg[2]} i_rstn {i_tbs[0]} {i_tbs[1]} {i_tbs[2]} {i_tbs[3]} {i_tbs[4]} {i_tbs[5]} {i_tbs[6]} {i_tbs[7]} {i_tbs[8]} {i_tbs[9]} {i_tbs[10]} {i_tbs[11]}}]
E:/Working/Digital Design/Graduation Project/Repo/Narrowband-IoT-Receiver/src/viterbi_decoder/viterbi_decoder.srcs/constrs_1/new/constraints.xdc (Line: 6)
Related violations: <none>

XDCH-2#17 Warning
Same min and max delay values on IO port  
The same input delay of 26.000 ns has been defined on port 'i_tbs[9]' relative to clock clk for both max and min. Make sure this reflects the design intent.
set_input_delay -clock clk -add_delay 26.000 [get_ports {i_enable {i_msg[0]} {i_msg[1]} {i_msg[2]} i_rstn {i_tbs[0]} {i_tbs[1]} {i_tbs[2]} {i_tbs[3]} {i_tbs[4]} {i_tbs[5]} {i_tbs[6]} {i_tbs[7]} {i_tbs[8]} {i_tbs[9]} {i_tbs[10]} {i_tbs[11]}}]
E:/Working/Digital Design/Graduation Project/Repo/Narrowband-IoT-Receiver/src/viterbi_decoder/viterbi_decoder.srcs/constrs_1/new/constraints.xdc (Line: 6)
Related violations: <none>

XDCH-2#18 Warning
Same min and max delay values on IO port  
The same output delay of 26.000 ns has been defined on port 'o_crcValid' relative to clock clk for both max and min. Make sure this reflects the design intent.
set_output_delay -clock clk -add_delay 26.000 [get_ports -filter { NAME =~  "*" && DIRECTION == "OUT" }]
E:/Working/Digital Design/Graduation Project/Repo/Narrowband-IoT-Receiver/src/viterbi_decoder/viterbi_decoder.srcs/constrs_1/new/constraints.xdc (Line: 7)
Related violations: <none>

XDCH-2#19 Warning
Same min and max delay values on IO port  
The same output delay of 26.000 ns has been defined on port 'o_decodedOut' relative to clock clk for both max and min. Make sure this reflects the design intent.
set_output_delay -clock clk -add_delay 26.000 [get_ports -filter { NAME =~  "*" && DIRECTION == "OUT" }]
E:/Working/Digital Design/Graduation Project/Repo/Narrowband-IoT-Receiver/src/viterbi_decoder/viterbi_decoder.srcs/constrs_1/new/constraints.xdc (Line: 7)
Related violations: <none>

XDCH-2#20 Warning
Same min and max delay values on IO port  
The same output delay of 26.000 ns has been defined on port 'o_matcherRepeat' relative to clock clk for both max and min. Make sure this reflects the design intent.
set_output_delay -clock clk -add_delay 26.000 [get_ports -filter { NAME =~  "*" && DIRECTION == "OUT" }]
E:/Working/Digital Design/Graduation Project/Repo/Narrowband-IoT-Receiver/src/viterbi_decoder/viterbi_decoder.srcs/constrs_1/new/constraints.xdc (Line: 7)
Related violations: <none>

XDCH-2#21 Warning
Same min and max delay values on IO port  
The same output delay of 26.000 ns has been defined on port 'w_storedContent[0]' relative to clock clk for both max and min. Make sure this reflects the design intent.
set_output_delay -clock clk -add_delay 26.000 [get_ports -filter { NAME =~  "*" && DIRECTION == "OUT" }]
E:/Working/Digital Design/Graduation Project/Repo/Narrowband-IoT-Receiver/src/viterbi_decoder/viterbi_decoder.srcs/constrs_1/new/constraints.xdc (Line: 7)
Related violations: <none>

XDCH-2#22 Warning
Same min and max delay values on IO port  
The same output delay of 26.000 ns has been defined on port 'w_storedContent[10]' relative to clock clk for both max and min. Make sure this reflects the design intent.
set_output_delay -clock clk -add_delay 26.000 [get_ports -filter { NAME =~  "*" && DIRECTION == "OUT" }]
E:/Working/Digital Design/Graduation Project/Repo/Narrowband-IoT-Receiver/src/viterbi_decoder/viterbi_decoder.srcs/constrs_1/new/constraints.xdc (Line: 7)
Related violations: <none>

XDCH-2#23 Warning
Same min and max delay values on IO port  
The same output delay of 26.000 ns has been defined on port 'w_storedContent[11]' relative to clock clk for both max and min. Make sure this reflects the design intent.
set_output_delay -clock clk -add_delay 26.000 [get_ports -filter { NAME =~  "*" && DIRECTION == "OUT" }]
E:/Working/Digital Design/Graduation Project/Repo/Narrowband-IoT-Receiver/src/viterbi_decoder/viterbi_decoder.srcs/constrs_1/new/constraints.xdc (Line: 7)
Related violations: <none>

XDCH-2#24 Warning
Same min and max delay values on IO port  
The same output delay of 26.000 ns has been defined on port 'w_storedContent[12]' relative to clock clk for both max and min. Make sure this reflects the design intent.
set_output_delay -clock clk -add_delay 26.000 [get_ports -filter { NAME =~  "*" && DIRECTION == "OUT" }]
E:/Working/Digital Design/Graduation Project/Repo/Narrowband-IoT-Receiver/src/viterbi_decoder/viterbi_decoder.srcs/constrs_1/new/constraints.xdc (Line: 7)
Related violations: <none>

XDCH-2#25 Warning
Same min and max delay values on IO port  
The same output delay of 26.000 ns has been defined on port 'w_storedContent[13]' relative to clock clk for both max and min. Make sure this reflects the design intent.
set_output_delay -clock clk -add_delay 26.000 [get_ports -filter { NAME =~  "*" && DIRECTION == "OUT" }]
E:/Working/Digital Design/Graduation Project/Repo/Narrowband-IoT-Receiver/src/viterbi_decoder/viterbi_decoder.srcs/constrs_1/new/constraints.xdc (Line: 7)
Related violations: <none>

XDCH-2#26 Warning
Same min and max delay values on IO port  
The same output delay of 26.000 ns has been defined on port 'w_storedContent[14]' relative to clock clk for both max and min. Make sure this reflects the design intent.
set_output_delay -clock clk -add_delay 26.000 [get_ports -filter { NAME =~  "*" && DIRECTION == "OUT" }]
E:/Working/Digital Design/Graduation Project/Repo/Narrowband-IoT-Receiver/src/viterbi_decoder/viterbi_decoder.srcs/constrs_1/new/constraints.xdc (Line: 7)
Related violations: <none>

XDCH-2#27 Warning
Same min and max delay values on IO port  
The same output delay of 26.000 ns has been defined on port 'w_storedContent[15]' relative to clock clk for both max and min. Make sure this reflects the design intent.
set_output_delay -clock clk -add_delay 26.000 [get_ports -filter { NAME =~  "*" && DIRECTION == "OUT" }]
E:/Working/Digital Design/Graduation Project/Repo/Narrowband-IoT-Receiver/src/viterbi_decoder/viterbi_decoder.srcs/constrs_1/new/constraints.xdc (Line: 7)
Related violations: <none>

XDCH-2#28 Warning
Same min and max delay values on IO port  
The same output delay of 26.000 ns has been defined on port 'w_storedContent[16]' relative to clock clk for both max and min. Make sure this reflects the design intent.
set_output_delay -clock clk -add_delay 26.000 [get_ports -filter { NAME =~  "*" && DIRECTION == "OUT" }]
E:/Working/Digital Design/Graduation Project/Repo/Narrowband-IoT-Receiver/src/viterbi_decoder/viterbi_decoder.srcs/constrs_1/new/constraints.xdc (Line: 7)
Related violations: <none>

XDCH-2#29 Warning
Same min and max delay values on IO port  
The same output delay of 26.000 ns has been defined on port 'w_storedContent[17]' relative to clock clk for both max and min. Make sure this reflects the design intent.
set_output_delay -clock clk -add_delay 26.000 [get_ports -filter { NAME =~  "*" && DIRECTION == "OUT" }]
E:/Working/Digital Design/Graduation Project/Repo/Narrowband-IoT-Receiver/src/viterbi_decoder/viterbi_decoder.srcs/constrs_1/new/constraints.xdc (Line: 7)
Related violations: <none>

XDCH-2#30 Warning
Same min and max delay values on IO port  
The same output delay of 26.000 ns has been defined on port 'w_storedContent[18]' relative to clock clk for both max and min. Make sure this reflects the design intent.
set_output_delay -clock clk -add_delay 26.000 [get_ports -filter { NAME =~  "*" && DIRECTION == "OUT" }]
E:/Working/Digital Design/Graduation Project/Repo/Narrowband-IoT-Receiver/src/viterbi_decoder/viterbi_decoder.srcs/constrs_1/new/constraints.xdc (Line: 7)
Related violations: <none>

XDCH-2#31 Warning
Same min and max delay values on IO port  
The same output delay of 26.000 ns has been defined on port 'w_storedContent[19]' relative to clock clk for both max and min. Make sure this reflects the design intent.
set_output_delay -clock clk -add_delay 26.000 [get_ports -filter { NAME =~  "*" && DIRECTION == "OUT" }]
E:/Working/Digital Design/Graduation Project/Repo/Narrowband-IoT-Receiver/src/viterbi_decoder/viterbi_decoder.srcs/constrs_1/new/constraints.xdc (Line: 7)
Related violations: <none>

XDCH-2#32 Warning
Same min and max delay values on IO port  
The same output delay of 26.000 ns has been defined on port 'w_storedContent[1]' relative to clock clk for both max and min. Make sure this reflects the design intent.
set_output_delay -clock clk -add_delay 26.000 [get_ports -filter { NAME =~  "*" && DIRECTION == "OUT" }]
E:/Working/Digital Design/Graduation Project/Repo/Narrowband-IoT-Receiver/src/viterbi_decoder/viterbi_decoder.srcs/constrs_1/new/constraints.xdc (Line: 7)
Related violations: <none>

XDCH-2#33 Warning
Same min and max delay values on IO port  
The same output delay of 26.000 ns has been defined on port 'w_storedContent[20]' relative to clock clk for both max and min. Make sure this reflects the design intent.
set_output_delay -clock clk -add_delay 26.000 [get_ports -filter { NAME =~  "*" && DIRECTION == "OUT" }]
E:/Working/Digital Design/Graduation Project/Repo/Narrowband-IoT-Receiver/src/viterbi_decoder/viterbi_decoder.srcs/constrs_1/new/constraints.xdc (Line: 7)
Related violations: <none>

XDCH-2#34 Warning
Same min and max delay values on IO port  
The same output delay of 26.000 ns has been defined on port 'w_storedContent[21]' relative to clock clk for both max and min. Make sure this reflects the design intent.
set_output_delay -clock clk -add_delay 26.000 [get_ports -filter { NAME =~  "*" && DIRECTION == "OUT" }]
E:/Working/Digital Design/Graduation Project/Repo/Narrowband-IoT-Receiver/src/viterbi_decoder/viterbi_decoder.srcs/constrs_1/new/constraints.xdc (Line: 7)
Related violations: <none>

XDCH-2#35 Warning
Same min and max delay values on IO port  
The same output delay of 26.000 ns has been defined on port 'w_storedContent[22]' relative to clock clk for both max and min. Make sure this reflects the design intent.
set_output_delay -clock clk -add_delay 26.000 [get_ports -filter { NAME =~  "*" && DIRECTION == "OUT" }]
E:/Working/Digital Design/Graduation Project/Repo/Narrowband-IoT-Receiver/src/viterbi_decoder/viterbi_decoder.srcs/constrs_1/new/constraints.xdc (Line: 7)
Related violations: <none>

XDCH-2#36 Warning
Same min and max delay values on IO port  
The same output delay of 26.000 ns has been defined on port 'w_storedContent[23]' relative to clock clk for both max and min. Make sure this reflects the design intent.
set_output_delay -clock clk -add_delay 26.000 [get_ports -filter { NAME =~  "*" && DIRECTION == "OUT" }]
E:/Working/Digital Design/Graduation Project/Repo/Narrowband-IoT-Receiver/src/viterbi_decoder/viterbi_decoder.srcs/constrs_1/new/constraints.xdc (Line: 7)
Related violations: <none>

XDCH-2#37 Warning
Same min and max delay values on IO port  
The same output delay of 26.000 ns has been defined on port 'w_storedContent[24]' relative to clock clk for both max and min. Make sure this reflects the design intent.
set_output_delay -clock clk -add_delay 26.000 [get_ports -filter { NAME =~  "*" && DIRECTION == "OUT" }]
E:/Working/Digital Design/Graduation Project/Repo/Narrowband-IoT-Receiver/src/viterbi_decoder/viterbi_decoder.srcs/constrs_1/new/constraints.xdc (Line: 7)
Related violations: <none>

XDCH-2#38 Warning
Same min and max delay values on IO port  
The same output delay of 26.000 ns has been defined on port 'w_storedContent[25]' relative to clock clk for both max and min. Make sure this reflects the design intent.
set_output_delay -clock clk -add_delay 26.000 [get_ports -filter { NAME =~  "*" && DIRECTION == "OUT" }]
E:/Working/Digital Design/Graduation Project/Repo/Narrowband-IoT-Receiver/src/viterbi_decoder/viterbi_decoder.srcs/constrs_1/new/constraints.xdc (Line: 7)
Related violations: <none>

XDCH-2#39 Warning
Same min and max delay values on IO port  
The same output delay of 26.000 ns has been defined on port 'w_storedContent[26]' relative to clock clk for both max and min. Make sure this reflects the design intent.
set_output_delay -clock clk -add_delay 26.000 [get_ports -filter { NAME =~  "*" && DIRECTION == "OUT" }]
E:/Working/Digital Design/Graduation Project/Repo/Narrowband-IoT-Receiver/src/viterbi_decoder/viterbi_decoder.srcs/constrs_1/new/constraints.xdc (Line: 7)
Related violations: <none>

XDCH-2#40 Warning
Same min and max delay values on IO port  
The same output delay of 26.000 ns has been defined on port 'w_storedContent[27]' relative to clock clk for both max and min. Make sure this reflects the design intent.
set_output_delay -clock clk -add_delay 26.000 [get_ports -filter { NAME =~  "*" && DIRECTION == "OUT" }]
E:/Working/Digital Design/Graduation Project/Repo/Narrowband-IoT-Receiver/src/viterbi_decoder/viterbi_decoder.srcs/constrs_1/new/constraints.xdc (Line: 7)
Related violations: <none>

XDCH-2#41 Warning
Same min and max delay values on IO port  
The same output delay of 26.000 ns has been defined on port 'w_storedContent[28]' relative to clock clk for both max and min. Make sure this reflects the design intent.
set_output_delay -clock clk -add_delay 26.000 [get_ports -filter { NAME =~  "*" && DIRECTION == "OUT" }]
E:/Working/Digital Design/Graduation Project/Repo/Narrowband-IoT-Receiver/src/viterbi_decoder/viterbi_decoder.srcs/constrs_1/new/constraints.xdc (Line: 7)
Related violations: <none>

XDCH-2#42 Warning
Same min and max delay values on IO port  
The same output delay of 26.000 ns has been defined on port 'w_storedContent[29]' relative to clock clk for both max and min. Make sure this reflects the design intent.
set_output_delay -clock clk -add_delay 26.000 [get_ports -filter { NAME =~  "*" && DIRECTION == "OUT" }]
E:/Working/Digital Design/Graduation Project/Repo/Narrowband-IoT-Receiver/src/viterbi_decoder/viterbi_decoder.srcs/constrs_1/new/constraints.xdc (Line: 7)
Related violations: <none>

XDCH-2#43 Warning
Same min and max delay values on IO port  
The same output delay of 26.000 ns has been defined on port 'w_storedContent[2]' relative to clock clk for both max and min. Make sure this reflects the design intent.
set_output_delay -clock clk -add_delay 26.000 [get_ports -filter { NAME =~  "*" && DIRECTION == "OUT" }]
E:/Working/Digital Design/Graduation Project/Repo/Narrowband-IoT-Receiver/src/viterbi_decoder/viterbi_decoder.srcs/constrs_1/new/constraints.xdc (Line: 7)
Related violations: <none>

XDCH-2#44 Warning
Same min and max delay values on IO port  
The same output delay of 26.000 ns has been defined on port 'w_storedContent[30]' relative to clock clk for both max and min. Make sure this reflects the design intent.
set_output_delay -clock clk -add_delay 26.000 [get_ports -filter { NAME =~  "*" && DIRECTION == "OUT" }]
E:/Working/Digital Design/Graduation Project/Repo/Narrowband-IoT-Receiver/src/viterbi_decoder/viterbi_decoder.srcs/constrs_1/new/constraints.xdc (Line: 7)
Related violations: <none>

XDCH-2#45 Warning
Same min and max delay values on IO port  
The same output delay of 26.000 ns has been defined on port 'w_storedContent[31]' relative to clock clk for both max and min. Make sure this reflects the design intent.
set_output_delay -clock clk -add_delay 26.000 [get_ports -filter { NAME =~  "*" && DIRECTION == "OUT" }]
E:/Working/Digital Design/Graduation Project/Repo/Narrowband-IoT-Receiver/src/viterbi_decoder/viterbi_decoder.srcs/constrs_1/new/constraints.xdc (Line: 7)
Related violations: <none>

XDCH-2#46 Warning
Same min and max delay values on IO port  
The same output delay of 26.000 ns has been defined on port 'w_storedContent[32]' relative to clock clk for both max and min. Make sure this reflects the design intent.
set_output_delay -clock clk -add_delay 26.000 [get_ports -filter { NAME =~  "*" && DIRECTION == "OUT" }]
E:/Working/Digital Design/Graduation Project/Repo/Narrowband-IoT-Receiver/src/viterbi_decoder/viterbi_decoder.srcs/constrs_1/new/constraints.xdc (Line: 7)
Related violations: <none>

XDCH-2#47 Warning
Same min and max delay values on IO port  
The same output delay of 26.000 ns has been defined on port 'w_storedContent[33]' relative to clock clk for both max and min. Make sure this reflects the design intent.
set_output_delay -clock clk -add_delay 26.000 [get_ports -filter { NAME =~  "*" && DIRECTION == "OUT" }]
E:/Working/Digital Design/Graduation Project/Repo/Narrowband-IoT-Receiver/src/viterbi_decoder/viterbi_decoder.srcs/constrs_1/new/constraints.xdc (Line: 7)
Related violations: <none>

XDCH-2#48 Warning
Same min and max delay values on IO port  
The same output delay of 26.000 ns has been defined on port 'w_storedContent[34]' relative to clock clk for both max and min. Make sure this reflects the design intent.
set_output_delay -clock clk -add_delay 26.000 [get_ports -filter { NAME =~  "*" && DIRECTION == "OUT" }]
E:/Working/Digital Design/Graduation Project/Repo/Narrowband-IoT-Receiver/src/viterbi_decoder/viterbi_decoder.srcs/constrs_1/new/constraints.xdc (Line: 7)
Related violations: <none>

XDCH-2#49 Warning
Same min and max delay values on IO port  
The same output delay of 26.000 ns has been defined on port 'w_storedContent[35]' relative to clock clk for both max and min. Make sure this reflects the design intent.
set_output_delay -clock clk -add_delay 26.000 [get_ports -filter { NAME =~  "*" && DIRECTION == "OUT" }]
E:/Working/Digital Design/Graduation Project/Repo/Narrowband-IoT-Receiver/src/viterbi_decoder/viterbi_decoder.srcs/constrs_1/new/constraints.xdc (Line: 7)
Related violations: <none>

XDCH-2#50 Warning
Same min and max delay values on IO port  
The same output delay of 26.000 ns has been defined on port 'w_storedContent[36]' relative to clock clk for both max and min. Make sure this reflects the design intent.
set_output_delay -clock clk -add_delay 26.000 [get_ports -filter { NAME =~  "*" && DIRECTION == "OUT" }]
E:/Working/Digital Design/Graduation Project/Repo/Narrowband-IoT-Receiver/src/viterbi_decoder/viterbi_decoder.srcs/constrs_1/new/constraints.xdc (Line: 7)
Related violations: <none>

XDCH-2#51 Warning
Same min and max delay values on IO port  
The same output delay of 26.000 ns has been defined on port 'w_storedContent[37]' relative to clock clk for both max and min. Make sure this reflects the design intent.
set_output_delay -clock clk -add_delay 26.000 [get_ports -filter { NAME =~  "*" && DIRECTION == "OUT" }]
E:/Working/Digital Design/Graduation Project/Repo/Narrowband-IoT-Receiver/src/viterbi_decoder/viterbi_decoder.srcs/constrs_1/new/constraints.xdc (Line: 7)
Related violations: <none>

XDCH-2#52 Warning
Same min and max delay values on IO port  
The same output delay of 26.000 ns has been defined on port 'w_storedContent[38]' relative to clock clk for both max and min. Make sure this reflects the design intent.
set_output_delay -clock clk -add_delay 26.000 [get_ports -filter { NAME =~  "*" && DIRECTION == "OUT" }]
E:/Working/Digital Design/Graduation Project/Repo/Narrowband-IoT-Receiver/src/viterbi_decoder/viterbi_decoder.srcs/constrs_1/new/constraints.xdc (Line: 7)
Related violations: <none>

XDCH-2#53 Warning
Same min and max delay values on IO port  
The same output delay of 26.000 ns has been defined on port 'w_storedContent[39]' relative to clock clk for both max and min. Make sure this reflects the design intent.
set_output_delay -clock clk -add_delay 26.000 [get_ports -filter { NAME =~  "*" && DIRECTION == "OUT" }]
E:/Working/Digital Design/Graduation Project/Repo/Narrowband-IoT-Receiver/src/viterbi_decoder/viterbi_decoder.srcs/constrs_1/new/constraints.xdc (Line: 7)
Related violations: <none>

XDCH-2#54 Warning
Same min and max delay values on IO port  
The same output delay of 26.000 ns has been defined on port 'w_storedContent[3]' relative to clock clk for both max and min. Make sure this reflects the design intent.
set_output_delay -clock clk -add_delay 26.000 [get_ports -filter { NAME =~  "*" && DIRECTION == "OUT" }]
E:/Working/Digital Design/Graduation Project/Repo/Narrowband-IoT-Receiver/src/viterbi_decoder/viterbi_decoder.srcs/constrs_1/new/constraints.xdc (Line: 7)
Related violations: <none>

XDCH-2#55 Warning
Same min and max delay values on IO port  
The same output delay of 26.000 ns has been defined on port 'w_storedContent[40]' relative to clock clk for both max and min. Make sure this reflects the design intent.
set_output_delay -clock clk -add_delay 26.000 [get_ports -filter { NAME =~  "*" && DIRECTION == "OUT" }]
E:/Working/Digital Design/Graduation Project/Repo/Narrowband-IoT-Receiver/src/viterbi_decoder/viterbi_decoder.srcs/constrs_1/new/constraints.xdc (Line: 7)
Related violations: <none>

XDCH-2#56 Warning
Same min and max delay values on IO port  
The same output delay of 26.000 ns has been defined on port 'w_storedContent[41]' relative to clock clk for both max and min. Make sure this reflects the design intent.
set_output_delay -clock clk -add_delay 26.000 [get_ports -filter { NAME =~  "*" && DIRECTION == "OUT" }]
E:/Working/Digital Design/Graduation Project/Repo/Narrowband-IoT-Receiver/src/viterbi_decoder/viterbi_decoder.srcs/constrs_1/new/constraints.xdc (Line: 7)
Related violations: <none>

XDCH-2#57 Warning
Same min and max delay values on IO port  
The same output delay of 26.000 ns has been defined on port 'w_storedContent[42]' relative to clock clk for both max and min. Make sure this reflects the design intent.
set_output_delay -clock clk -add_delay 26.000 [get_ports -filter { NAME =~  "*" && DIRECTION == "OUT" }]
E:/Working/Digital Design/Graduation Project/Repo/Narrowband-IoT-Receiver/src/viterbi_decoder/viterbi_decoder.srcs/constrs_1/new/constraints.xdc (Line: 7)
Related violations: <none>

XDCH-2#58 Warning
Same min and max delay values on IO port  
The same output delay of 26.000 ns has been defined on port 'w_storedContent[43]' relative to clock clk for both max and min. Make sure this reflects the design intent.
set_output_delay -clock clk -add_delay 26.000 [get_ports -filter { NAME =~  "*" && DIRECTION == "OUT" }]
E:/Working/Digital Design/Graduation Project/Repo/Narrowband-IoT-Receiver/src/viterbi_decoder/viterbi_decoder.srcs/constrs_1/new/constraints.xdc (Line: 7)
Related violations: <none>

XDCH-2#59 Warning
Same min and max delay values on IO port  
The same output delay of 26.000 ns has been defined on port 'w_storedContent[44]' relative to clock clk for both max and min. Make sure this reflects the design intent.
set_output_delay -clock clk -add_delay 26.000 [get_ports -filter { NAME =~  "*" && DIRECTION == "OUT" }]
E:/Working/Digital Design/Graduation Project/Repo/Narrowband-IoT-Receiver/src/viterbi_decoder/viterbi_decoder.srcs/constrs_1/new/constraints.xdc (Line: 7)
Related violations: <none>

XDCH-2#60 Warning
Same min and max delay values on IO port  
The same output delay of 26.000 ns has been defined on port 'w_storedContent[45]' relative to clock clk for both max and min. Make sure this reflects the design intent.
set_output_delay -clock clk -add_delay 26.000 [get_ports -filter { NAME =~  "*" && DIRECTION == "OUT" }]
E:/Working/Digital Design/Graduation Project/Repo/Narrowband-IoT-Receiver/src/viterbi_decoder/viterbi_decoder.srcs/constrs_1/new/constraints.xdc (Line: 7)
Related violations: <none>

XDCH-2#61 Warning
Same min and max delay values on IO port  
The same output delay of 26.000 ns has been defined on port 'w_storedContent[46]' relative to clock clk for both max and min. Make sure this reflects the design intent.
set_output_delay -clock clk -add_delay 26.000 [get_ports -filter { NAME =~  "*" && DIRECTION == "OUT" }]
E:/Working/Digital Design/Graduation Project/Repo/Narrowband-IoT-Receiver/src/viterbi_decoder/viterbi_decoder.srcs/constrs_1/new/constraints.xdc (Line: 7)
Related violations: <none>

XDCH-2#62 Warning
Same min and max delay values on IO port  
The same output delay of 26.000 ns has been defined on port 'w_storedContent[47]' relative to clock clk for both max and min. Make sure this reflects the design intent.
set_output_delay -clock clk -add_delay 26.000 [get_ports -filter { NAME =~  "*" && DIRECTION == "OUT" }]
E:/Working/Digital Design/Graduation Project/Repo/Narrowband-IoT-Receiver/src/viterbi_decoder/viterbi_decoder.srcs/constrs_1/new/constraints.xdc (Line: 7)
Related violations: <none>

XDCH-2#63 Warning
Same min and max delay values on IO port  
The same output delay of 26.000 ns has been defined on port 'w_storedContent[48]' relative to clock clk for both max and min. Make sure this reflects the design intent.
set_output_delay -clock clk -add_delay 26.000 [get_ports -filter { NAME =~  "*" && DIRECTION == "OUT" }]
E:/Working/Digital Design/Graduation Project/Repo/Narrowband-IoT-Receiver/src/viterbi_decoder/viterbi_decoder.srcs/constrs_1/new/constraints.xdc (Line: 7)
Related violations: <none>

XDCH-2#64 Warning
Same min and max delay values on IO port  
The same output delay of 26.000 ns has been defined on port 'w_storedContent[49]' relative to clock clk for both max and min. Make sure this reflects the design intent.
set_output_delay -clock clk -add_delay 26.000 [get_ports -filter { NAME =~  "*" && DIRECTION == "OUT" }]
E:/Working/Digital Design/Graduation Project/Repo/Narrowband-IoT-Receiver/src/viterbi_decoder/viterbi_decoder.srcs/constrs_1/new/constraints.xdc (Line: 7)
Related violations: <none>

XDCH-2#65 Warning
Same min and max delay values on IO port  
The same output delay of 26.000 ns has been defined on port 'w_storedContent[4]' relative to clock clk for both max and min. Make sure this reflects the design intent.
set_output_delay -clock clk -add_delay 26.000 [get_ports -filter { NAME =~  "*" && DIRECTION == "OUT" }]
E:/Working/Digital Design/Graduation Project/Repo/Narrowband-IoT-Receiver/src/viterbi_decoder/viterbi_decoder.srcs/constrs_1/new/constraints.xdc (Line: 7)
Related violations: <none>

XDCH-2#66 Warning
Same min and max delay values on IO port  
The same output delay of 26.000 ns has been defined on port 'w_storedContent[50]' relative to clock clk for both max and min. Make sure this reflects the design intent.
set_output_delay -clock clk -add_delay 26.000 [get_ports -filter { NAME =~  "*" && DIRECTION == "OUT" }]
E:/Working/Digital Design/Graduation Project/Repo/Narrowband-IoT-Receiver/src/viterbi_decoder/viterbi_decoder.srcs/constrs_1/new/constraints.xdc (Line: 7)
Related violations: <none>

XDCH-2#67 Warning
Same min and max delay values on IO port  
The same output delay of 26.000 ns has been defined on port 'w_storedContent[51]' relative to clock clk for both max and min. Make sure this reflects the design intent.
set_output_delay -clock clk -add_delay 26.000 [get_ports -filter { NAME =~  "*" && DIRECTION == "OUT" }]
E:/Working/Digital Design/Graduation Project/Repo/Narrowband-IoT-Receiver/src/viterbi_decoder/viterbi_decoder.srcs/constrs_1/new/constraints.xdc (Line: 7)
Related violations: <none>

XDCH-2#68 Warning
Same min and max delay values on IO port  
The same output delay of 26.000 ns has been defined on port 'w_storedContent[52]' relative to clock clk for both max and min. Make sure this reflects the design intent.
set_output_delay -clock clk -add_delay 26.000 [get_ports -filter { NAME =~  "*" && DIRECTION == "OUT" }]
E:/Working/Digital Design/Graduation Project/Repo/Narrowband-IoT-Receiver/src/viterbi_decoder/viterbi_decoder.srcs/constrs_1/new/constraints.xdc (Line: 7)
Related violations: <none>

XDCH-2#69 Warning
Same min and max delay values on IO port  
The same output delay of 26.000 ns has been defined on port 'w_storedContent[53]' relative to clock clk for both max and min. Make sure this reflects the design intent.
set_output_delay -clock clk -add_delay 26.000 [get_ports -filter { NAME =~  "*" && DIRECTION == "OUT" }]
E:/Working/Digital Design/Graduation Project/Repo/Narrowband-IoT-Receiver/src/viterbi_decoder/viterbi_decoder.srcs/constrs_1/new/constraints.xdc (Line: 7)
Related violations: <none>

XDCH-2#70 Warning
Same min and max delay values on IO port  
The same output delay of 26.000 ns has been defined on port 'w_storedContent[54]' relative to clock clk for both max and min. Make sure this reflects the design intent.
set_output_delay -clock clk -add_delay 26.000 [get_ports -filter { NAME =~  "*" && DIRECTION == "OUT" }]
E:/Working/Digital Design/Graduation Project/Repo/Narrowband-IoT-Receiver/src/viterbi_decoder/viterbi_decoder.srcs/constrs_1/new/constraints.xdc (Line: 7)
Related violations: <none>

XDCH-2#71 Warning
Same min and max delay values on IO port  
The same output delay of 26.000 ns has been defined on port 'w_storedContent[55]' relative to clock clk for both max and min. Make sure this reflects the design intent.
set_output_delay -clock clk -add_delay 26.000 [get_ports -filter { NAME =~  "*" && DIRECTION == "OUT" }]
E:/Working/Digital Design/Graduation Project/Repo/Narrowband-IoT-Receiver/src/viterbi_decoder/viterbi_decoder.srcs/constrs_1/new/constraints.xdc (Line: 7)
Related violations: <none>

XDCH-2#72 Warning
Same min and max delay values on IO port  
The same output delay of 26.000 ns has been defined on port 'w_storedContent[56]' relative to clock clk for both max and min. Make sure this reflects the design intent.
set_output_delay -clock clk -add_delay 26.000 [get_ports -filter { NAME =~  "*" && DIRECTION == "OUT" }]
E:/Working/Digital Design/Graduation Project/Repo/Narrowband-IoT-Receiver/src/viterbi_decoder/viterbi_decoder.srcs/constrs_1/new/constraints.xdc (Line: 7)
Related violations: <none>

XDCH-2#73 Warning
Same min and max delay values on IO port  
The same output delay of 26.000 ns has been defined on port 'w_storedContent[57]' relative to clock clk for both max and min. Make sure this reflects the design intent.
set_output_delay -clock clk -add_delay 26.000 [get_ports -filter { NAME =~  "*" && DIRECTION == "OUT" }]
E:/Working/Digital Design/Graduation Project/Repo/Narrowband-IoT-Receiver/src/viterbi_decoder/viterbi_decoder.srcs/constrs_1/new/constraints.xdc (Line: 7)
Related violations: <none>

XDCH-2#74 Warning
Same min and max delay values on IO port  
The same output delay of 26.000 ns has been defined on port 'w_storedContent[58]' relative to clock clk for both max and min. Make sure this reflects the design intent.
set_output_delay -clock clk -add_delay 26.000 [get_ports -filter { NAME =~  "*" && DIRECTION == "OUT" }]
E:/Working/Digital Design/Graduation Project/Repo/Narrowband-IoT-Receiver/src/viterbi_decoder/viterbi_decoder.srcs/constrs_1/new/constraints.xdc (Line: 7)
Related violations: <none>

XDCH-2#75 Warning
Same min and max delay values on IO port  
The same output delay of 26.000 ns has been defined on port 'w_storedContent[59]' relative to clock clk for both max and min. Make sure this reflects the design intent.
set_output_delay -clock clk -add_delay 26.000 [get_ports -filter { NAME =~  "*" && DIRECTION == "OUT" }]
E:/Working/Digital Design/Graduation Project/Repo/Narrowband-IoT-Receiver/src/viterbi_decoder/viterbi_decoder.srcs/constrs_1/new/constraints.xdc (Line: 7)
Related violations: <none>

XDCH-2#76 Warning
Same min and max delay values on IO port  
The same output delay of 26.000 ns has been defined on port 'w_storedContent[5]' relative to clock clk for both max and min. Make sure this reflects the design intent.
set_output_delay -clock clk -add_delay 26.000 [get_ports -filter { NAME =~  "*" && DIRECTION == "OUT" }]
E:/Working/Digital Design/Graduation Project/Repo/Narrowband-IoT-Receiver/src/viterbi_decoder/viterbi_decoder.srcs/constrs_1/new/constraints.xdc (Line: 7)
Related violations: <none>

XDCH-2#77 Warning
Same min and max delay values on IO port  
The same output delay of 26.000 ns has been defined on port 'w_storedContent[60]' relative to clock clk for both max and min. Make sure this reflects the design intent.
set_output_delay -clock clk -add_delay 26.000 [get_ports -filter { NAME =~  "*" && DIRECTION == "OUT" }]
E:/Working/Digital Design/Graduation Project/Repo/Narrowband-IoT-Receiver/src/viterbi_decoder/viterbi_decoder.srcs/constrs_1/new/constraints.xdc (Line: 7)
Related violations: <none>

XDCH-2#78 Warning
Same min and max delay values on IO port  
The same output delay of 26.000 ns has been defined on port 'w_storedContent[61]' relative to clock clk for both max and min. Make sure this reflects the design intent.
set_output_delay -clock clk -add_delay 26.000 [get_ports -filter { NAME =~  "*" && DIRECTION == "OUT" }]
E:/Working/Digital Design/Graduation Project/Repo/Narrowband-IoT-Receiver/src/viterbi_decoder/viterbi_decoder.srcs/constrs_1/new/constraints.xdc (Line: 7)
Related violations: <none>

XDCH-2#79 Warning
Same min and max delay values on IO port  
The same output delay of 26.000 ns has been defined on port 'w_storedContent[62]' relative to clock clk for both max and min. Make sure this reflects the design intent.
set_output_delay -clock clk -add_delay 26.000 [get_ports -filter { NAME =~  "*" && DIRECTION == "OUT" }]
E:/Working/Digital Design/Graduation Project/Repo/Narrowband-IoT-Receiver/src/viterbi_decoder/viterbi_decoder.srcs/constrs_1/new/constraints.xdc (Line: 7)
Related violations: <none>

XDCH-2#80 Warning
Same min and max delay values on IO port  
The same output delay of 26.000 ns has been defined on port 'w_storedContent[63]' relative to clock clk for both max and min. Make sure this reflects the design intent.
set_output_delay -clock clk -add_delay 26.000 [get_ports -filter { NAME =~  "*" && DIRECTION == "OUT" }]
E:/Working/Digital Design/Graduation Project/Repo/Narrowband-IoT-Receiver/src/viterbi_decoder/viterbi_decoder.srcs/constrs_1/new/constraints.xdc (Line: 7)
Related violations: <none>

XDCH-2#81 Warning
Same min and max delay values on IO port  
The same output delay of 26.000 ns has been defined on port 'w_storedContent[6]' relative to clock clk for both max and min. Make sure this reflects the design intent.
set_output_delay -clock clk -add_delay 26.000 [get_ports -filter { NAME =~  "*" && DIRECTION == "OUT" }]
E:/Working/Digital Design/Graduation Project/Repo/Narrowband-IoT-Receiver/src/viterbi_decoder/viterbi_decoder.srcs/constrs_1/new/constraints.xdc (Line: 7)
Related violations: <none>

XDCH-2#82 Warning
Same min and max delay values on IO port  
The same output delay of 26.000 ns has been defined on port 'w_storedContent[7]' relative to clock clk for both max and min. Make sure this reflects the design intent.
set_output_delay -clock clk -add_delay 26.000 [get_ports -filter { NAME =~  "*" && DIRECTION == "OUT" }]
E:/Working/Digital Design/Graduation Project/Repo/Narrowband-IoT-Receiver/src/viterbi_decoder/viterbi_decoder.srcs/constrs_1/new/constraints.xdc (Line: 7)
Related violations: <none>

XDCH-2#83 Warning
Same min and max delay values on IO port  
The same output delay of 26.000 ns has been defined on port 'w_storedContent[8]' relative to clock clk for both max and min. Make sure this reflects the design intent.
set_output_delay -clock clk -add_delay 26.000 [get_ports -filter { NAME =~  "*" && DIRECTION == "OUT" }]
E:/Working/Digital Design/Graduation Project/Repo/Narrowband-IoT-Receiver/src/viterbi_decoder/viterbi_decoder.srcs/constrs_1/new/constraints.xdc (Line: 7)
Related violations: <none>

XDCH-2#84 Warning
Same min and max delay values on IO port  
The same output delay of 26.000 ns has been defined on port 'w_storedContent[9]' relative to clock clk for both max and min. Make sure this reflects the design intent.
set_output_delay -clock clk -add_delay 26.000 [get_ports -filter { NAME =~  "*" && DIRECTION == "OUT" }]
E:/Working/Digital Design/Graduation Project/Repo/Narrowband-IoT-Receiver/src/viterbi_decoder/viterbi_decoder.srcs/constrs_1/new/constraints.xdc (Line: 7)
Related violations: <none>


