Copyright 1986-2019 Xilinx, Inc. All Rights Reserved.
------------------------------------------------------------------------------------
| Tool Version : Vivado v.2019.1 (win64) Build 2552052 Fri May 24 14:49:42 MDT 2019
| Date         : Mon Apr 18 01:36:54 2022
| Host         : Youssef-Dell running 64-bit major release  (build 9200)
| Command      : report_control_sets -verbose -file top_control_sets_placed.rpt
| Design       : top
| Device       : xczu7ev
------------------------------------------------------------------------------------

Control Set Information

Table of Contents
-----------------
1. Summary
2. Histogram
3. Flip-Flop Distribution
4. Detailed Control Set Information

1. Summary
----------

+----------------------------------------------------------+-------+
|                          Status                          | Count |
+----------------------------------------------------------+-------+
| Total control sets                                       |    14 |
|    Minimum number of control sets                        |    14 |
|    Addition due to synthesis replication                 |     0 |
|    Addition due to physical synthesis replication        |     0 |
| Unused register locations in slices containing registers |    16 |
+----------------------------------------------------------+-------+
* Control sets can be merged at opt_design using control_set_merge or merge_equivalent_drivers
** Run report_qor_suggestions for automated merging and remapping suggestions


2. Histogram
------------

+--------------------+-------+
|       Fanout       | Count |
+--------------------+-------+
| Total control sets |    14 |
| >= 0 to < 4        |     5 |
| >= 4 to < 6        |     1 |
| >= 6 to < 8        |     3 |
| >= 8 to < 10       |     0 |
| >= 10 to < 12      |     0 |
| >= 12 to < 14      |     2 |
| >= 14 to < 16      |     0 |
| >= 16              |     3 |
+--------------------+-------+
* Control sets can be remapped at either synth_design or opt_design


3. Flip-Flop Distribution
-------------------------

+--------------+-----------------------+------------------------+-----------------+--------------+
| Clock Enable | Synchronous Set/Reset | Asynchronous Set/Reset | Total Registers | Total Slices |
+--------------+-----------------------+------------------------+-----------------+--------------+
| No           | No                    | No                     |               0 |            0 |
| No           | No                    | Yes                    |            2610 |          584 |
| No           | Yes                   | No                     |               0 |            0 |
| Yes          | No                    | No                     |               0 |            0 |
| Yes          | No                    | Yes                    |             594 |          257 |
| Yes          | Yes                   | No                     |               0 |            0 |
+--------------+-----------------------+------------------------+-----------------+--------------+


4. Detailed Control Set Information
-----------------------------------

+----------------+----------------------------------+------------------------+------------------+----------------+
|  Clock Signal  |           Enable Signal          |    Set/Reset Signal    | Slice Load Count | Bel Load Count |
+----------------+----------------------------------+------------------------+------------------+----------------+
|  clk_IBUF_BUFG | U8/E                             | rstn_IBUF_inst/O       |                1 |              1 |
|  clk_IBUF_BUFG | U8/r_rateDematcherRepeat_i_1_n_0 | rstn_IBUF_inst/O       |                1 |              1 |
|  clk_IBUF_BUFG | U8/r_operationCounter            | rstn_IBUF_inst/O       |                1 |              2 |
|  clk_IBUF_BUFG |                                  | U8/cu_pathMetricsReset |                1 |              3 |
|  clk_IBUF_BUFG | U6/r_currState[2]_i_1_n_0        | rstn_IBUF_inst/O       |                2 |              3 |
|  clk_IBUF_BUFG | U8/r_currState[3]_i_1_n_0        | rstn_IBUF_inst/O       |                3 |              4 |
|  clk_IBUF_BUFG | U8/r_maxIdx[5]_i_1_n_0           | rstn_IBUF_inst/O       |                2 |              6 |
|  clk_IBUF_BUFG | U6/r_rowGenerator                | rstn_IBUF_inst/O       |                3 |              6 |
|  clk_IBUF_BUFG | U6/r_cuValid                     | rstn_IBUF_inst/O       |                3 |              7 |
|  clk_IBUF_BUFG | U7/r_counter[11]_i_1_n_0         | rstn_IBUF_inst/O       |                4 |             12 |
|  clk_IBUF_BUFG | U8/r_columnAddress[11]_i_1_n_0   | rstn_IBUF_inst/O       |                2 |             12 |
|  clk_IBUF_BUFG | U6/r_lifoValid_reg_0             | rstn_IBUF_inst/O       |               10 |             28 |
|  clk_IBUF_BUFG | U8/cu_pathMetricsEnable          | U8/cu_pathMetricsReset |              233 |            512 |
|  clk_IBUF_BUFG |                                  | rstn_IBUF_inst/O       |              583 |           2607 |
+----------------+----------------------------------+------------------------+------------------+----------------+


