Copyright 1986-2019 Xilinx, Inc. All Rights Reserved.
--------------------------------------------------------------------------------------
| Tool Version : Vivado v.2019.1 (win64) Build 2552052 Fri May 24 14:49:42 MDT 2019
| Date         : Sun May 15 17:24:52 2022
| Host         : Youssef-Dell running 64-bit major release  (build 9200)
| Command      : report_control_sets -verbose -file top_eltop_control_sets_placed.rpt
| Design       : top_eltop
| Device       : xczu7ev
--------------------------------------------------------------------------------------

Control Set Information

Table of Contents
-----------------
1. Summary
2. Histogram
3. Flip-Flop Distribution
4. Detailed Control Set Information

1. Summary
----------

+----------------------------------------------------------+-------+
|                          Status                          | Count |
+----------------------------------------------------------+-------+
| Total control sets                                       |    20 |
|    Minimum number of control sets                        |    20 |
|    Addition due to synthesis replication                 |     0 |
|    Addition due to physical synthesis replication        |     0 |
| Unused register locations in slices containing registers |    11 |
+----------------------------------------------------------+-------+
* Control sets can be merged at opt_design using control_set_merge or merge_equivalent_drivers
** Run report_qor_suggestions for automated merging and remapping suggestions


2. Histogram
------------

+--------------------+-------+
|       Fanout       | Count |
+--------------------+-------+
| Total control sets |    20 |
| >= 0 to < 4        |     3 |
| >= 4 to < 6        |     0 |
| >= 6 to < 8        |     2 |
| >= 8 to < 10       |    10 |
| >= 10 to < 12      |     0 |
| >= 12 to < 14      |     3 |
| >= 14 to < 16      |     0 |
| >= 16              |     2 |
+--------------------+-------+
* Control sets can be remapped at either synth_design or opt_design


3. Flip-Flop Distribution
-------------------------

+--------------+-----------------------+------------------------+-----------------+--------------+
| Clock Enable | Synchronous Set/Reset | Asynchronous Set/Reset | Total Registers | Total Slices |
+--------------+-----------------------+------------------------+-----------------+--------------+
| No           | No                    | No                     |               0 |            0 |
| No           | No                    | Yes                    |             275 |          149 |
| No           | Yes                   | No                     |               0 |            0 |
| Yes          | No                    | No                     |             524 |          150 |
| Yes          | No                    | Yes                    |              29 |            9 |
| Yes          | Yes                   | No                     |              13 |            3 |
+--------------+-----------------------+------------------------+-----------------+--------------+


4. Detailed Control Set Information
-----------------------------------

+------------------+-----------------------------------------------------+-------------------------+------------------+----------------+
|   Clock Signal   |                    Enable Signal                    |     Set/Reset Signal    | Slice Load Count | Bel Load Count |
+------------------+-----------------------------------------------------+-------------------------+------------------+----------------+
|  i_clk_IBUF_BUFG | u_ControlUnit/load                                  | u_ControlUnit/r_dataOut |                1 |              1 |
|  i_clk_IBUF_BUFG | u_ControlUnit/r_iterationCount                      | i_rstn_IBUF_inst/O      |                2 |              2 |
|  i_clk_IBUF_BUFG | u_ControlUnit/r_datumMoveCounter[2]_i_1_n_0         | i_rstn_IBUF_inst/O      |                1 |              3 |
|  i_clk_IBUF_BUFG | u_ControlUnit/r_finalState[5]_i_1_n_0               | i_rstn_IBUF_inst/O      |                3 |              6 |
|  i_clk_IBUF_BUFG | u_ControlUnit/r_shiftStart                          | i_rstn_IBUF_inst/O      |                2 |              6 |
|  i_clk_IBUF_BUFG | u_LifoMemory/r_lifoMemory_reg_1280_1535_0_0_i_1_n_0 |                         |                1 |              8 |
|  i_clk_IBUF_BUFG | u_LifoMemory/r_lifoMemory_reg_1024_1279_0_0_i_1_n_0 |                         |                1 |              8 |
|  i_clk_IBUF_BUFG | u_LifoMemory/r_lifoMemory_reg_1536_1791_0_0_i_1_n_0 |                         |                1 |              8 |
|  i_clk_IBUF_BUFG | u_LifoMemory/r_lifoMemory_reg_1792_2047_0_0_i_1_n_0 |                         |                1 |              8 |
|  i_clk_IBUF_BUFG | u_LifoMemory/r_lifoMemory_reg_2048_2303_0_0_i_1_n_0 |                         |                1 |              8 |
|  i_clk_IBUF_BUFG | u_LifoMemory/r_lifoMemory_reg_0_255_0_0_i_1_n_0     |                         |                1 |              8 |
|  i_clk_IBUF_BUFG | u_LifoMemory/r_lifoMemory_reg_256_511_0_0_i_1_n_0   |                         |                1 |              8 |
|  i_clk_IBUF_BUFG | u_LifoMemory/r_lifoMemory_reg_2304_2559_0_0_i_1_n_0 |                         |                1 |              8 |
|  i_clk_IBUF_BUFG | u_LifoMemory/r_lifoMemory_reg_768_1023_0_0_i_1_n_0  |                         |                1 |              8 |
|  i_clk_IBUF_BUFG | u_LifoMemory/r_lifoMemory_reg_512_767_0_0_i_1_n_0   |                         |                1 |              8 |
|  i_clk_IBUF_BUFG | u_ControlUnit/r_currState_reg[1]_0[0]               | i_rstn_IBUF_inst/O      |                2 |             12 |
|  i_clk_IBUF_BUFG | u_ControlUnit/r_currState_reg[3]_0                  | u_ControlUnit/r_dataOut |                3 |             12 |
|  i_clk_IBUF_BUFG | u_LifoMemory/r_counterWrite[11]_i_1_n_0             |                         |                5 |             12 |
|  i_clk_IBUF_BUFG |                                                     | i_rstn_IBUF_inst/O      |              149 |            275 |
|  i_clk_IBUF_BUFG | u_ControlUnit/E[0]                                  |                         |              145 |            512 |
+------------------+-----------------------------------------------------+-------------------------+------------------+----------------+


