Copyright 1986-2019 Xilinx, Inc. All Rights Reserved.
-----------------------------------------------------------------------------------------------------------------------------------------------------------------
| Tool Version : Vivado v.2019.1 (win64) Build 2552052 Fri May 24 14:49:42 MDT 2019
| Date         : Tue Apr 19 07:58:13 2022
| Host         : DESKTOP-ICG9OBG running 64-bit major release  (build 9200)
| Command      : report_methodology -file fine_sync_methodology_drc_routed.rpt -pb fine_sync_methodology_drc_routed.pb -rpx fine_sync_methodology_drc_routed.rpx
| Design       : fine_sync
| Device       : xc7z020clg484-1
| Speed File   : -1
| Design State : Fully Routed
-----------------------------------------------------------------------------------------------------------------------------------------------------------------

Report Methodology

Table of Contents
-----------------
1. REPORT SUMMARY
2. REPORT DETAILS

1. REPORT SUMMARY
-----------------
            Netlist: netlist
          Floorplan: design_1
      Design limits: <entire design considered>
             Max violations: <unlimited>
             Violations found: 168
+-----------+----------+-------------------------------+------------+
| Rule      | Severity | Description                   | Violations |
+-----------+----------+-------------------------------+------------+
| LUTAR-1   | Warning  | LUT drives async reset alert  | 1          |
| TIMING-18 | Warning  | Missing input or output delay | 167        |
+-----------+----------+-------------------------------+------------+

2. REPORT DETAILS
-----------------
LUTAR-1#1 Warning
LUT drives async reset alert  
LUT cell arctan1/div1/i__carry__0_i_1__1, with 2 or more inputs, drives asynchronous preset/clear pin(s) getData1/FSM_sequential_current_state_reg[0]/CLR, getData1/FSM_sequential_current_state_reg[1]/CLR, getData1/FSM_sequential_current_state_reg[2]/CLR, getData1/r_counter_reg[0]/PRE, getData1/r_counter_reg[1]/PRE, getData1/r_counter_reg[2]/PRE, getData1/r_counter_reg[3]/PRE, getData1/r_counter_reg[4]/PRE, acc1/r_Oimag_reg[0]/CLR, acc1/r_Oimag_reg[10]/CLR, acc1/r_Oimag_reg[11]/CLR, acc1/r_Oimag_reg[12]/CLR, acc1/r_Oimag_reg[13]/CLR, acc1/r_Oimag_reg[14]/CLR, acc1/r_Oimag_reg[15]/CLR (the first 15 of 82 listed). The LUT may glitch and trigger an unexpected reset, even if it is a properly timed path.
Related violations: <none>

TIMING-18#1 Warning
Missing input or output delay  
An input delay is missing on I_N1[0] relative to clock(s) clk
Related violations: <none>

TIMING-18#2 Warning
Missing input or output delay  
An input delay is missing on I_N1[10] relative to clock(s) clk
Related violations: <none>

TIMING-18#3 Warning
Missing input or output delay  
An input delay is missing on I_N1[11] relative to clock(s) clk
Related violations: <none>

TIMING-18#4 Warning
Missing input or output delay  
An input delay is missing on I_N1[12] relative to clock(s) clk
Related violations: <none>

TIMING-18#5 Warning
Missing input or output delay  
An input delay is missing on I_N1[13] relative to clock(s) clk
Related violations: <none>

TIMING-18#6 Warning
Missing input or output delay  
An input delay is missing on I_N1[14] relative to clock(s) clk
Related violations: <none>

TIMING-18#7 Warning
Missing input or output delay  
An input delay is missing on I_N1[15] relative to clock(s) clk
Related violations: <none>

TIMING-18#8 Warning
Missing input or output delay  
An input delay is missing on I_N1[1] relative to clock(s) clk
Related violations: <none>

TIMING-18#9 Warning
Missing input or output delay  
An input delay is missing on I_N1[2] relative to clock(s) clk
Related violations: <none>

TIMING-18#10 Warning
Missing input or output delay  
An input delay is missing on I_N1[3] relative to clock(s) clk
Related violations: <none>

TIMING-18#11 Warning
Missing input or output delay  
An input delay is missing on I_N1[4] relative to clock(s) clk
Related violations: <none>

TIMING-18#12 Warning
Missing input or output delay  
An input delay is missing on I_N1[5] relative to clock(s) clk
Related violations: <none>

TIMING-18#13 Warning
Missing input or output delay  
An input delay is missing on I_N1[6] relative to clock(s) clk
Related violations: <none>

TIMING-18#14 Warning
Missing input or output delay  
An input delay is missing on I_N1[7] relative to clock(s) clk
Related violations: <none>

TIMING-18#15 Warning
Missing input or output delay  
An input delay is missing on I_N1[8] relative to clock(s) clk
Related violations: <none>

TIMING-18#16 Warning
Missing input or output delay  
An input delay is missing on I_N1[9] relative to clock(s) clk
Related violations: <none>

TIMING-18#17 Warning
Missing input or output delay  
An input delay is missing on I_N2[0] relative to clock(s) clk
Related violations: <none>

TIMING-18#18 Warning
Missing input or output delay  
An input delay is missing on I_N2[10] relative to clock(s) clk
Related violations: <none>

TIMING-18#19 Warning
Missing input or output delay  
An input delay is missing on I_N2[11] relative to clock(s) clk
Related violations: <none>

TIMING-18#20 Warning
Missing input or output delay  
An input delay is missing on I_N2[12] relative to clock(s) clk
Related violations: <none>

TIMING-18#21 Warning
Missing input or output delay  
An input delay is missing on I_N2[13] relative to clock(s) clk
Related violations: <none>

TIMING-18#22 Warning
Missing input or output delay  
An input delay is missing on I_N2[14] relative to clock(s) clk
Related violations: <none>

TIMING-18#23 Warning
Missing input or output delay  
An input delay is missing on I_N2[15] relative to clock(s) clk
Related violations: <none>

TIMING-18#24 Warning
Missing input or output delay  
An input delay is missing on I_N2[1] relative to clock(s) clk
Related violations: <none>

TIMING-18#25 Warning
Missing input or output delay  
An input delay is missing on I_N2[2] relative to clock(s) clk
Related violations: <none>

TIMING-18#26 Warning
Missing input or output delay  
An input delay is missing on I_N2[3] relative to clock(s) clk
Related violations: <none>

TIMING-18#27 Warning
Missing input or output delay  
An input delay is missing on I_N2[4] relative to clock(s) clk
Related violations: <none>

TIMING-18#28 Warning
Missing input or output delay  
An input delay is missing on I_N2[5] relative to clock(s) clk
Related violations: <none>

TIMING-18#29 Warning
Missing input or output delay  
An input delay is missing on I_N2[6] relative to clock(s) clk
Related violations: <none>

TIMING-18#30 Warning
Missing input or output delay  
An input delay is missing on I_N2[7] relative to clock(s) clk
Related violations: <none>

TIMING-18#31 Warning
Missing input or output delay  
An input delay is missing on I_N2[8] relative to clock(s) clk
Related violations: <none>

TIMING-18#32 Warning
Missing input or output delay  
An input delay is missing on I_N2[9] relative to clock(s) clk
Related violations: <none>

TIMING-18#33 Warning
Missing input or output delay  
An input delay is missing on I_R1[0] relative to clock(s) clk
Related violations: <none>

TIMING-18#34 Warning
Missing input or output delay  
An input delay is missing on I_R1[10] relative to clock(s) clk
Related violations: <none>

TIMING-18#35 Warning
Missing input or output delay  
An input delay is missing on I_R1[11] relative to clock(s) clk
Related violations: <none>

TIMING-18#36 Warning
Missing input or output delay  
An input delay is missing on I_R1[12] relative to clock(s) clk
Related violations: <none>

TIMING-18#37 Warning
Missing input or output delay  
An input delay is missing on I_R1[13] relative to clock(s) clk
Related violations: <none>

TIMING-18#38 Warning
Missing input or output delay  
An input delay is missing on I_R1[14] relative to clock(s) clk
Related violations: <none>

TIMING-18#39 Warning
Missing input or output delay  
An input delay is missing on I_R1[15] relative to clock(s) clk
Related violations: <none>

TIMING-18#40 Warning
Missing input or output delay  
An input delay is missing on I_R1[1] relative to clock(s) clk
Related violations: <none>

TIMING-18#41 Warning
Missing input or output delay  
An input delay is missing on I_R1[2] relative to clock(s) clk
Related violations: <none>

TIMING-18#42 Warning
Missing input or output delay  
An input delay is missing on I_R1[3] relative to clock(s) clk
Related violations: <none>

TIMING-18#43 Warning
Missing input or output delay  
An input delay is missing on I_R1[4] relative to clock(s) clk
Related violations: <none>

TIMING-18#44 Warning
Missing input or output delay  
An input delay is missing on I_R1[5] relative to clock(s) clk
Related violations: <none>

TIMING-18#45 Warning
Missing input or output delay  
An input delay is missing on I_R1[6] relative to clock(s) clk
Related violations: <none>

TIMING-18#46 Warning
Missing input or output delay  
An input delay is missing on I_R1[7] relative to clock(s) clk
Related violations: <none>

TIMING-18#47 Warning
Missing input or output delay  
An input delay is missing on I_R1[8] relative to clock(s) clk
Related violations: <none>

TIMING-18#48 Warning
Missing input or output delay  
An input delay is missing on I_R1[9] relative to clock(s) clk
Related violations: <none>

TIMING-18#49 Warning
Missing input or output delay  
An input delay is missing on I_R2[0] relative to clock(s) clk
Related violations: <none>

TIMING-18#50 Warning
Missing input or output delay  
An input delay is missing on I_R2[10] relative to clock(s) clk
Related violations: <none>

TIMING-18#51 Warning
Missing input or output delay  
An input delay is missing on I_R2[11] relative to clock(s) clk
Related violations: <none>

TIMING-18#52 Warning
Missing input or output delay  
An input delay is missing on I_R2[12] relative to clock(s) clk
Related violations: <none>

TIMING-18#53 Warning
Missing input or output delay  
An input delay is missing on I_R2[13] relative to clock(s) clk
Related violations: <none>

TIMING-18#54 Warning
Missing input or output delay  
An input delay is missing on I_R2[14] relative to clock(s) clk
Related violations: <none>

TIMING-18#55 Warning
Missing input or output delay  
An input delay is missing on I_R2[15] relative to clock(s) clk
Related violations: <none>

TIMING-18#56 Warning
Missing input or output delay  
An input delay is missing on I_R2[1] relative to clock(s) clk
Related violations: <none>

TIMING-18#57 Warning
Missing input or output delay  
An input delay is missing on I_R2[2] relative to clock(s) clk
Related violations: <none>

TIMING-18#58 Warning
Missing input or output delay  
An input delay is missing on I_R2[3] relative to clock(s) clk
Related violations: <none>

TIMING-18#59 Warning
Missing input or output delay  
An input delay is missing on I_R2[4] relative to clock(s) clk
Related violations: <none>

TIMING-18#60 Warning
Missing input or output delay  
An input delay is missing on I_R2[5] relative to clock(s) clk
Related violations: <none>

TIMING-18#61 Warning
Missing input or output delay  
An input delay is missing on I_R2[6] relative to clock(s) clk
Related violations: <none>

TIMING-18#62 Warning
Missing input or output delay  
An input delay is missing on I_R2[7] relative to clock(s) clk
Related violations: <none>

TIMING-18#63 Warning
Missing input or output delay  
An input delay is missing on I_R2[8] relative to clock(s) clk
Related violations: <none>

TIMING-18#64 Warning
Missing input or output delay  
An input delay is missing on I_R2[9] relative to clock(s) clk
Related violations: <none>

TIMING-18#65 Warning
Missing input or output delay  
An input delay is missing on Q_N1[0] relative to clock(s) clk
Related violations: <none>

TIMING-18#66 Warning
Missing input or output delay  
An input delay is missing on Q_N1[10] relative to clock(s) clk
Related violations: <none>

TIMING-18#67 Warning
Missing input or output delay  
An input delay is missing on Q_N1[11] relative to clock(s) clk
Related violations: <none>

TIMING-18#68 Warning
Missing input or output delay  
An input delay is missing on Q_N1[12] relative to clock(s) clk
Related violations: <none>

TIMING-18#69 Warning
Missing input or output delay  
An input delay is missing on Q_N1[13] relative to clock(s) clk
Related violations: <none>

TIMING-18#70 Warning
Missing input or output delay  
An input delay is missing on Q_N1[14] relative to clock(s) clk
Related violations: <none>

TIMING-18#71 Warning
Missing input or output delay  
An input delay is missing on Q_N1[15] relative to clock(s) clk
Related violations: <none>

TIMING-18#72 Warning
Missing input or output delay  
An input delay is missing on Q_N1[1] relative to clock(s) clk
Related violations: <none>

TIMING-18#73 Warning
Missing input or output delay  
An input delay is missing on Q_N1[2] relative to clock(s) clk
Related violations: <none>

TIMING-18#74 Warning
Missing input or output delay  
An input delay is missing on Q_N1[3] relative to clock(s) clk
Related violations: <none>

TIMING-18#75 Warning
Missing input or output delay  
An input delay is missing on Q_N1[4] relative to clock(s) clk
Related violations: <none>

TIMING-18#76 Warning
Missing input or output delay  
An input delay is missing on Q_N1[5] relative to clock(s) clk
Related violations: <none>

TIMING-18#77 Warning
Missing input or output delay  
An input delay is missing on Q_N1[6] relative to clock(s) clk
Related violations: <none>

TIMING-18#78 Warning
Missing input or output delay  
An input delay is missing on Q_N1[7] relative to clock(s) clk
Related violations: <none>

TIMING-18#79 Warning
Missing input or output delay  
An input delay is missing on Q_N1[8] relative to clock(s) clk
Related violations: <none>

TIMING-18#80 Warning
Missing input or output delay  
An input delay is missing on Q_N1[9] relative to clock(s) clk
Related violations: <none>

TIMING-18#81 Warning
Missing input or output delay  
An input delay is missing on Q_N2[0] relative to clock(s) clk
Related violations: <none>

TIMING-18#82 Warning
Missing input or output delay  
An input delay is missing on Q_N2[10] relative to clock(s) clk
Related violations: <none>

TIMING-18#83 Warning
Missing input or output delay  
An input delay is missing on Q_N2[11] relative to clock(s) clk
Related violations: <none>

TIMING-18#84 Warning
Missing input or output delay  
An input delay is missing on Q_N2[12] relative to clock(s) clk
Related violations: <none>

TIMING-18#85 Warning
Missing input or output delay  
An input delay is missing on Q_N2[13] relative to clock(s) clk
Related violations: <none>

TIMING-18#86 Warning
Missing input or output delay  
An input delay is missing on Q_N2[14] relative to clock(s) clk
Related violations: <none>

TIMING-18#87 Warning
Missing input or output delay  
An input delay is missing on Q_N2[15] relative to clock(s) clk
Related violations: <none>

TIMING-18#88 Warning
Missing input or output delay  
An input delay is missing on Q_N2[1] relative to clock(s) clk
Related violations: <none>

TIMING-18#89 Warning
Missing input or output delay  
An input delay is missing on Q_N2[2] relative to clock(s) clk
Related violations: <none>

TIMING-18#90 Warning
Missing input or output delay  
An input delay is missing on Q_N2[3] relative to clock(s) clk
Related violations: <none>

TIMING-18#91 Warning
Missing input or output delay  
An input delay is missing on Q_N2[4] relative to clock(s) clk
Related violations: <none>

TIMING-18#92 Warning
Missing input or output delay  
An input delay is missing on Q_N2[5] relative to clock(s) clk
Related violations: <none>

TIMING-18#93 Warning
Missing input or output delay  
An input delay is missing on Q_N2[6] relative to clock(s) clk
Related violations: <none>

TIMING-18#94 Warning
Missing input or output delay  
An input delay is missing on Q_N2[7] relative to clock(s) clk
Related violations: <none>

TIMING-18#95 Warning
Missing input or output delay  
An input delay is missing on Q_N2[8] relative to clock(s) clk
Related violations: <none>

TIMING-18#96 Warning
Missing input or output delay  
An input delay is missing on Q_N2[9] relative to clock(s) clk
Related violations: <none>

TIMING-18#97 Warning
Missing input or output delay  
An input delay is missing on Q_R1[0] relative to clock(s) clk
Related violations: <none>

TIMING-18#98 Warning
Missing input or output delay  
An input delay is missing on Q_R1[10] relative to clock(s) clk
Related violations: <none>

TIMING-18#99 Warning
Missing input or output delay  
An input delay is missing on Q_R1[11] relative to clock(s) clk
Related violations: <none>

TIMING-18#100 Warning
Missing input or output delay  
An input delay is missing on Q_R1[12] relative to clock(s) clk
Related violations: <none>

TIMING-18#101 Warning
Missing input or output delay  
An input delay is missing on Q_R1[13] relative to clock(s) clk
Related violations: <none>

TIMING-18#102 Warning
Missing input or output delay  
An input delay is missing on Q_R1[14] relative to clock(s) clk
Related violations: <none>

TIMING-18#103 Warning
Missing input or output delay  
An input delay is missing on Q_R1[15] relative to clock(s) clk
Related violations: <none>

TIMING-18#104 Warning
Missing input or output delay  
An input delay is missing on Q_R1[1] relative to clock(s) clk
Related violations: <none>

TIMING-18#105 Warning
Missing input or output delay  
An input delay is missing on Q_R1[2] relative to clock(s) clk
Related violations: <none>

TIMING-18#106 Warning
Missing input or output delay  
An input delay is missing on Q_R1[3] relative to clock(s) clk
Related violations: <none>

TIMING-18#107 Warning
Missing input or output delay  
An input delay is missing on Q_R1[4] relative to clock(s) clk
Related violations: <none>

TIMING-18#108 Warning
Missing input or output delay  
An input delay is missing on Q_R1[5] relative to clock(s) clk
Related violations: <none>

TIMING-18#109 Warning
Missing input or output delay  
An input delay is missing on Q_R1[6] relative to clock(s) clk
Related violations: <none>

TIMING-18#110 Warning
Missing input or output delay  
An input delay is missing on Q_R1[7] relative to clock(s) clk
Related violations: <none>

TIMING-18#111 Warning
Missing input or output delay  
An input delay is missing on Q_R1[8] relative to clock(s) clk
Related violations: <none>

TIMING-18#112 Warning
Missing input or output delay  
An input delay is missing on Q_R1[9] relative to clock(s) clk
Related violations: <none>

TIMING-18#113 Warning
Missing input or output delay  
An input delay is missing on Q_R2[0] relative to clock(s) clk
Related violations: <none>

TIMING-18#114 Warning
Missing input or output delay  
An input delay is missing on Q_R2[10] relative to clock(s) clk
Related violations: <none>

TIMING-18#115 Warning
Missing input or output delay  
An input delay is missing on Q_R2[11] relative to clock(s) clk
Related violations: <none>

TIMING-18#116 Warning
Missing input or output delay  
An input delay is missing on Q_R2[12] relative to clock(s) clk
Related violations: <none>

TIMING-18#117 Warning
Missing input or output delay  
An input delay is missing on Q_R2[13] relative to clock(s) clk
Related violations: <none>

TIMING-18#118 Warning
Missing input or output delay  
An input delay is missing on Q_R2[14] relative to clock(s) clk
Related violations: <none>

TIMING-18#119 Warning
Missing input or output delay  
An input delay is missing on Q_R2[15] relative to clock(s) clk
Related violations: <none>

TIMING-18#120 Warning
Missing input or output delay  
An input delay is missing on Q_R2[1] relative to clock(s) clk
Related violations: <none>

TIMING-18#121 Warning
Missing input or output delay  
An input delay is missing on Q_R2[2] relative to clock(s) clk
Related violations: <none>

TIMING-18#122 Warning
Missing input or output delay  
An input delay is missing on Q_R2[3] relative to clock(s) clk
Related violations: <none>

TIMING-18#123 Warning
Missing input or output delay  
An input delay is missing on Q_R2[4] relative to clock(s) clk
Related violations: <none>

TIMING-18#124 Warning
Missing input or output delay  
An input delay is missing on Q_R2[5] relative to clock(s) clk
Related violations: <none>

TIMING-18#125 Warning
Missing input or output delay  
An input delay is missing on Q_R2[6] relative to clock(s) clk
Related violations: <none>

TIMING-18#126 Warning
Missing input or output delay  
An input delay is missing on Q_R2[7] relative to clock(s) clk
Related violations: <none>

TIMING-18#127 Warning
Missing input or output delay  
An input delay is missing on Q_R2[8] relative to clock(s) clk
Related violations: <none>

TIMING-18#128 Warning
Missing input or output delay  
An input delay is missing on Q_R2[9] relative to clock(s) clk
Related violations: <none>

TIMING-18#129 Warning
Missing input or output delay  
An input delay is missing on fineEnable relative to clock(s) clk
Related violations: <none>

TIMING-18#130 Warning
Missing input or output delay  
An input delay is missing on reset relative to clock(s) clk
Related violations: <none>

TIMING-18#131 Warning
Missing input or output delay  
An output delay is missing on NRS_Location[0] relative to clock(s) clk
Related violations: <none>

TIMING-18#132 Warning
Missing input or output delay  
An output delay is missing on NRS_Location[1] relative to clock(s) clk
Related violations: <none>

TIMING-18#133 Warning
Missing input or output delay  
An output delay is missing on NRS_Location[2] relative to clock(s) clk
Related violations: <none>

TIMING-18#134 Warning
Missing input or output delay  
An output delay is missing on NRS_generated_address1[0] relative to clock(s) clk
Related violations: <none>

TIMING-18#135 Warning
Missing input or output delay  
An output delay is missing on NRS_generated_address1[1] relative to clock(s) clk
Related violations: <none>

TIMING-18#136 Warning
Missing input or output delay  
An output delay is missing on NRS_generated_address1[2] relative to clock(s) clk
Related violations: <none>

TIMING-18#137 Warning
Missing input or output delay  
An output delay is missing on NRS_generated_address2[0] relative to clock(s) clk
Related violations: <none>

TIMING-18#138 Warning
Missing input or output delay  
An output delay is missing on NRS_generated_address2[1] relative to clock(s) clk
Related violations: <none>

TIMING-18#139 Warning
Missing input or output delay  
An output delay is missing on NRS_generated_address2[2] relative to clock(s) clk
Related violations: <none>

TIMING-18#140 Warning
Missing input or output delay  
An output delay is missing on RM_column1[0] relative to clock(s) clk
Related violations: <none>

TIMING-18#141 Warning
Missing input or output delay  
An output delay is missing on RM_column1[1] relative to clock(s) clk
Related violations: <none>

TIMING-18#142 Warning
Missing input or output delay  
An output delay is missing on RM_column1[2] relative to clock(s) clk
Related violations: <none>

TIMING-18#143 Warning
Missing input or output delay  
An output delay is missing on RM_column1[3] relative to clock(s) clk
Related violations: <none>

TIMING-18#144 Warning
Missing input or output delay  
An output delay is missing on RM_column2[0] relative to clock(s) clk
Related violations: <none>

TIMING-18#145 Warning
Missing input or output delay  
An output delay is missing on RM_column2[1] relative to clock(s) clk
Related violations: <none>

TIMING-18#146 Warning
Missing input or output delay  
An output delay is missing on RM_column2[2] relative to clock(s) clk
Related violations: <none>

TIMING-18#147 Warning
Missing input or output delay  
An output delay is missing on RM_column2[3] relative to clock(s) clk
Related violations: <none>

TIMING-18#148 Warning
Missing input or output delay  
An output delay is missing on rfo[0] relative to clock(s) clk
Related violations: <none>

TIMING-18#149 Warning
Missing input or output delay  
An output delay is missing on rfo[10] relative to clock(s) clk
Related violations: <none>

TIMING-18#150 Warning
Missing input or output delay  
An output delay is missing on rfo[11] relative to clock(s) clk
Related violations: <none>

TIMING-18#151 Warning
Missing input or output delay  
An output delay is missing on rfo[12] relative to clock(s) clk
Related violations: <none>

TIMING-18#152 Warning
Missing input or output delay  
An output delay is missing on rfo[13] relative to clock(s) clk
Related violations: <none>

TIMING-18#153 Warning
Missing input or output delay  
An output delay is missing on rfo[14] relative to clock(s) clk
Related violations: <none>

TIMING-18#154 Warning
Missing input or output delay  
An output delay is missing on rfo[15] relative to clock(s) clk
Related violations: <none>

TIMING-18#155 Warning
Missing input or output delay  
An output delay is missing on rfo[16] relative to clock(s) clk
Related violations: <none>

TIMING-18#156 Warning
Missing input or output delay  
An output delay is missing on rfo[17] relative to clock(s) clk
Related violations: <none>

TIMING-18#157 Warning
Missing input or output delay  
An output delay is missing on rfo[18] relative to clock(s) clk
Related violations: <none>

TIMING-18#158 Warning
Missing input or output delay  
An output delay is missing on rfo[1] relative to clock(s) clk
Related violations: <none>

TIMING-18#159 Warning
Missing input or output delay  
An output delay is missing on rfo[2] relative to clock(s) clk
Related violations: <none>

TIMING-18#160 Warning
Missing input or output delay  
An output delay is missing on rfo[3] relative to clock(s) clk
Related violations: <none>

TIMING-18#161 Warning
Missing input or output delay  
An output delay is missing on rfo[4] relative to clock(s) clk
Related violations: <none>

TIMING-18#162 Warning
Missing input or output delay  
An output delay is missing on rfo[5] relative to clock(s) clk
Related violations: <none>

TIMING-18#163 Warning
Missing input or output delay  
An output delay is missing on rfo[6] relative to clock(s) clk
Related violations: <none>

TIMING-18#164 Warning
Missing input or output delay  
An output delay is missing on rfo[7] relative to clock(s) clk
Related violations: <none>

TIMING-18#165 Warning
Missing input or output delay  
An output delay is missing on rfo[8] relative to clock(s) clk
Related violations: <none>

TIMING-18#166 Warning
Missing input or output delay  
An output delay is missing on rfo[9] relative to clock(s) clk
Related violations: <none>

TIMING-18#167 Warning
Missing input or output delay  
An output delay is missing on valid relative to clock(s) clk
Related violations: <none>


